This is pdfTeX, Version 3.1415926-2.3-1.40.12 (MiKTeX 2.9) (preloaded format=pdflatex 2012.3.28)  16 MAY 2012 10:20
entering extended mode
**Rapport.tex
("C:\Users\lewindows\Desktop\P2\LaTeX\Rapport - NIX PILLE\Rapport.tex"
LaTeX2e <2011/06/27>
Babel <v3.8m> and hyphenation patterns for english, afrikaans, ancientgreek, ar
abic, armenian, assamese, basque, bengali, bokmal, bulgarian, catalan, coptic, 
croatian, czech, danish, dutch, esperanto, estonian, farsi, finnish, french, ga
lician, german, german-x-2009-06-19, greek, gujarati, hindi, hungarian, iceland
ic, indonesian, interlingua, irish, italian, kannada, kurmanji, lao, latin, lat
vian, lithuanian, malayalam, marathi, mongolian, mongolianlmc, monogreek, ngerm
an, ngerman-x-2009-06-19, nynorsk, oriya, panjabi, pinyin, polish, portuguese, 
romanian, russian, sanskrit, serbian, slovak, slovenian, spanish, swedish, swis
sgerman, tamil, telugu, turkish, turkmen, ukenglish, ukrainian, uppersorbian, u
senglishmax, welsh, loaded.
(C:\Users\lewindows\Desktop\P2\LaTeX\preamble.tex
("C:\Program Files\MiKTeX 2.9\tex\latex\memoir\memoir.cls"
Document Class: memoir 2011/03/06 v3.6j configurable book, report, article docu
ment class
\onelineskip=\skip41
\lxvchars=\skip42
\xlvchars=\skip43
\@memcnta=\count79
\c@@memmarkcntra=\count80
\l@nohyphenation=\language70
("C:\Program Files\MiKTeX 2.9\tex\generic\oberdiek\ifpdf.sty"
Package: ifpdf 2011/01/30 v2.3 Provides the ifpdf switch (HO)
Package ifpdf Info: pdfTeX in PDF mode is detected.
)
("C:\Program Files\MiKTeX 2.9\tex\latex\ifetex\ifetex.sty"
Package: ifetex 2011/12/15 v1.2 ifetex

("C:\Program Files\MiKTeX 2.9\tex\plain\ifetex\ifetex.tex"))
("C:\Program Files\MiKTeX 2.9\tex\generic\ifxetex\ifxetex.sty"
Package: ifxetex 2010/09/12 v0.6 Provides ifxetex conditional
)
("C:\Program Files\MiKTeX 2.9\tex\generic\oberdiek\ifluatex.sty"
Package: ifluatex 2010/03/01 v1.3 Provides the ifluatex switch (HO)
Package ifluatex Info: LuaTeX not detected.
)
\stockheight=\skip44
\stockwidth=\skip45
\trimtop=\skip46
\trimedge=\skip47

("C:\Program Files\MiKTeX 2.9\tex\latex\base\fleqn.clo"
File: fleqn.clo 1998/08/17 v1.1c Standard LaTeX option (flush left equations)
\mathindent=\dimen102
)
("C:\Program Files\MiKTeX 2.9\tex\latex\misc\etex.sty"
Package: etex 1998/03/26 v2.0 eTeX basic definition package (PEB)
\et@xins=\count81
)
("C:\Program Files\MiKTeX 2.9\tex\latex\memoir\mem11.clo"
File: mem11.clo 2008/01/30 v0.3 memoir class 11pt size option
)
\binding=\skip48
\spinemargin=\skip49
\foremargin=\skip50
\uppermargin=\skip51
\lowermargin=\skip52
\headdrop=\skip53
\normalrulethickness=\skip54
\mem@maxheadheight=\skip55
\mem@maxfootheight=\skip56
\headwidth=\skip57
\c@storedpagenumber=\count82
\memPD=\dimen103
\m@mabparskip=\skip58
\thanksmarkwidth=\skip59
\thanksmarksep=\skip60
\droptitle=\skip61
\c@book=\count83
\c@part=\count84
\c@chapter=\count85
\c@section=\count86
\c@subsection=\count87
\c@subsubsection=\count88
\c@paragraph=\count89
\c@subparagraph=\count90
\beforechapskip=\skip62
\midchapskip=\skip63
\afterchapskip=\skip64
\chapindent=\skip65
\bottomsectionskip=\skip66
\secindent=\skip67
\beforesecskip=\skip68
\aftersecskip=\skip69
\subsecindent=\skip70
\beforesubsecskip=\skip71
\aftersubsecskip=\skip72
\subsubsecindent=\skip73
\beforesubsubsecskip=\skip74
\aftersubsubsecskip=\skip75
\paraindent=\skip76
\beforeparaskip=\skip77
\afterparaskip=\skip78
\subparaindent=\skip79
\beforesubparaskip=\skip80
\aftersubparaskip=\skip81
\pfbreakskip=\skip82
\c@@ppsavesec=\count91
\c@@ppsaveapp=\count92
\ragrparindent=\dimen104
\everylistparindent=\dimen105
\parsepi=\skip83
\topsepi=\skip84
\itemsepi=\skip85
\parsepii=\skip86
\topsepii=\skip87
\topsepiii=\skip88
\itemsepii=\skip89
\itemsepiii=\skip90
\partopsepii=\skip91
\partopsepiii=\skip92
\m@msavetopsep=\skip93
\m@msavepartopsep=\skip94
\@enLab=\toks14
\abstitleskip=\skip95
\absleftindent=\skip96
\abs@leftindent=\dimen106
\absrightindent=\skip97
\absparindent=\skip98
\absparsep=\skip99
\c@vslineno=\count93
\c@poemline=\count94
\c@modulo@vs=\count95
\c@memfvsline=\count96
\vleftskip=\skip100
\vrightskip=\skip101
\stanzaskip=\skip102
\versewidth=\skip103
\vgap=\skip104
\vindent=\skip105
\vleftmargin=\dimen107
\c@verse=\count97
\c@chrsinstr=\count98
\beforepoemtitleskip=\skip106
\afterpoemtitleskip=\skip107
\c@poem=\count99
\beforePoemTitleskip=\skip108
\midPoemTitleskip=\skip109
\afterPoemTitleskip=\skip110
\col@sep=\dimen108
\extrarowheight=\dimen109
\NC@list=\toks15
\extratabsurround=\skip111
\backup@length=\skip112
\TX@col@width=\dimen110
\TX@old@table=\dimen111
\TX@old@col=\dimen112
\TX@target=\dimen113
\TX@delta=\dimen114
\TX@cols=\count100
\TX@ftn=\toks16
\heavyrulewidth=\dimen115
\lightrulewidth=\dimen116
\cmidrulewidth=\dimen117
\belowrulesep=\dimen118
\belowbottomsep=\dimen119
\aboverulesep=\dimen120
\abovetopsep=\dimen121
\cmidrulesep=\dimen122
\cmidrulekern=\dimen123
\defaultaddspace=\dimen124
\@cmidla=\count101
\@cmidlb=\count102
\@aboverulesep=\dimen125
\@belowrulesep=\dimen126
\@thisruleclass=\count103
\@lastruleclass=\count104
\@thisrulewidth=\dimen127
\ctableftskip=\skip113
\ctabrightskip=\skip114
\abovecolumnspenalty=\count105
\@linestogo=\count106
\@cellstogo=\count107
\@cellsincolumn=\count108
\crtok=\toks17
\@mincolumnwidth=\dimen128
\c@newflo@tctr=\count109
\mem@margin@floatbox=\box26
\@contcwidth=\skip115
\@contindw=\skip116
\abovecaptionskip=\skip117
\belowcaptionskip=\skip118
\subfloattopskip=\skip119
\subfloatcapskip=\skip120
\subfloatcaptopadj=\skip121
\subfloatbottomskip=\skip122
\subfloatlabelskip=\skip123
\subfloatcapmargin=\dimen129
\c@@contsubnum=\count110
\m@mscap@capbox=\box27
\m@mscap@fbox=\box28
\sidecapsep=\dimen130
\sidecapwidth=\dimen131
\m@m@tempdima=\dimen132
\m@mscapraise=\dimen133
\sidecapraise=\dimen134
\m@mscapmainwidth=\dimen135
\m@mscaplkern=\dimen136
\beforeepigraphskip=\skip124
\afterepigraphskip=\skip125
\epigraphwidth=\skip126
\epigraphrule=\skip127
LaTeX Info: Redefining \em on input line 7377.
LaTeX Info: Redefining \emph on input line 7385.
\tocentryskip=\skip128
\tocbaseline=\skip129
\cftparskip=\skip130
\cftbeforebookskip=\skip131
\cftbookindent=\dimen137
\cftbooknumwidth=\dimen138
\cftbeforepartskip=\skip132
\cftpartindent=\skip133
\cftpartnumwidth=\skip134
\cftbeforechapterskip=\skip135
\cftchapterindent=\skip136
\cftchapternumwidth=\skip137
\cftbeforesectionskip=\skip138
\cftsectionindent=\skip139
\cftsectionnumwidth=\skip140
\cftbeforesubsectionskip=\skip141
\cftsubsectionindent=\skip142
\cftsubsectionnumwidth=\skip143
\cftbeforesubsubsectionskip=\skip144
\cftsubsubsectionindent=\skip145
\cftsubsubsectionnumwidth=\skip146
\cftbeforeparagraphskip=\skip147
\cftparagraphindent=\skip148
\cftparagraphnumwidth=\skip149
\cftbeforesubparagraphskip=\skip150
\cftsubparagraphindent=\skip151
\cftsubparagraphnumwidth=\skip152
\prechapterprecisshift=\dimen139
\c@maxsecnumdepth=\count111
\bibindent=\dimen140
\bibitemsep=\skip153
\indexcolsep=\skip154
\indexrule=\skip155
\indexmarkstyle=\toks18
\@indexbox=\insert233
\glossarycolsep=\dimen141
\glossaryrule=\dimen142
\sideparvshift=\skip156
\sideins=\insert232
\sidebartopsep=\skip157
\sidebarhsep=\skip158
\sidebarvsep=\skip159
\sidebarwidth=\skip160
\footmarkwidth=\skip161
\footmarksep=\skip162
\footparindent=\skip163
\footinsdim=\skip164
\footinsv@r=\insert231
\@mpfootinsv@r=\insert230
\m@m@k=\count112
\m@m@h=\dimen143
\m@mipn@skip=\skip165
\sidefootins=\insert229
\sidefootadjust=\skip166
\sidefootheight=\skip167
\sidefoothsep=\skip168
\sidefootvsep=\skip169
\sidefootwidth=\skip170
\m@mdownsf=\skip171
\c@sidefootnote=\count113
\sidefootmarkwidth=\skip172
\sidefootmarksep=\skip173
\sidefootparindent=\skip174
\c@pagenote=\count114
\c@pagenoteshadow=\count115
\mem@pn@lastkern=\skip175
\every@verbatim=\toks19
\afterevery@verbatim=\toks20
\verbatim@line=\toks21
\tab@position=\count116
\verbatim@in@stream=\read1
\verbatimindent=\skip176
\verbatim@out=\write3
\bvboxsep=\skip177
\c@memfbvline=\count117
\c@bvlinectr=\count118
\bvnumlength=\skip178
\fb@frw=\dimen144
\fb@frh=\dimen145
\FrameRule=\dimen146
\FrameSep=\dimen147
\c@cp@cntr=\count119
LaTeX Info: Redefining \: on input line 11807.
LaTeX Info: Redefining \! on input line 11809.
\c@ism@mctr=\count120
\c@xsm@mctr=\count121
\c@csm@mctr=\count122
\c@ksm@mctr=\count123
\c@xksm@mctr=\count124
\c@cksm@mctr=\count125
\c@msm@mctr=\count126
\c@xmsm@mctr=\count127
\c@cmsm@mctr=\count128
\c@bsm@mctr=\count129
\c@workm@mctr=\count130
\c@sheetsequence=\count131
\c@lastsheet=\count132
\c@lastpage=\count133
\c@figure=\count134
\c@lofdepth=\count135
\cftbeforefigureskip=\skip179
\cftfigureindent=\skip180
\cftfigurenumwidth=\skip181
\c@table=\count136
\c@lotdepth=\count137
\cftbeforetableskip=\skip182
\cfttableindent=\skip183
\cfttablenumwidth=\skip184
Package abstract [2008/07/23] emulated by memoir.
Package appendix [2008/07/23] emulated by memoir.
Package array [2008/07/23] emulated by memoir.
Package booktabs [2008/07/23] emulated by memoir.
Package ccaption [2008/07/23] emulated by memoir.
Package changepage [2008/07/23] emulated by memoir.
Package chngcntr [2008/07/23] emulated by memoir.
Package chngpage [2008/07/23] emulated by memoir.
Package crop emulated by memoir.
Package dcolumn [2008/07/23] emulated by memoir.
Package delarray [2008/07/23] emulated by memoir.
Package enumerate [2008/07/23] emulated by memoir.
Package epigraph [2008/07/23] emulated by memoir.
Package ifmtarg [2008/07/23] emulated by memoir.
Package index [2008/07/23] emulated by memoir.
Package makeidx [2008/07/23] emulated by memoir.
Package moreverb [2008/07/23] emulated by memoir.
Package mparhack [2008/07/23] emulated by memoir.
Package needspace [2008/07/23] emulated by memoir.
Package newfile [2008/07/23] emulated by memoir.
Package nextpage [2008/07/23] emulated by memoir.
Package pagenote [2008/07/23] emulated by memoir.
Package parskip [2008/07/23] emulated by memoir.
Package patchcmd [2008/07/23] emulated by memoir.
Package setspace [2008/07/23] emulated by memoir.
Package shortvrb [2008/07/23] emulated by memoir.
Package showidx [2008/07/23] emulated by memoir.
Package tabularx [2008/07/23] emulated by memoir.
Package titleref [2008/07/23] emulated by memoir.
Package titling [2008/07/23] emulated by memoir.
Package tocbibind [2008/07/23] emulated by memoir.
Package tocloft [2008/07/23] emulated by memoir.
Package tocvsec2 [2008/07/23] emulated by memoir.
Package verbatim [2008/07/23] emulated by memoir.
Package verse [2008/07/23] emulated by memoir.

("C:\Program Files\MiKTeX 2.9\tex\latex\memoir\mempatch.sty"
Package: mempatch 2009/07/24 v6.0f Patches for memoir class v1.6180339
))
("C:\Program Files\MiKTeX 2.9\tex\latex\base\inputenc.sty"
Package: inputenc 2008/03/30 v1.1d Input encoding file
\inpenc@prehook=\toks22
\inpenc@posthook=\toks23

("C:\Program Files\MiKTeX 2.9\tex\latex\base\utf8.def"
File: utf8.def 2008/04/05 v1.1m UTF-8 support for inputenc
Now handling font encoding OML ...
... no UTF-8 mapping file for font encoding OML
Now handling font encoding T1 ...
... processing UTF-8 mapping file for font encoding T1

("C:\Program Files\MiKTeX 2.9\tex\latex\base\t1enc.dfu"
File: t1enc.dfu 2008/04/05 v1.1m UTF-8 support for inputenc
   defining Unicode char U+00A1 (decimal 161)
   defining Unicode char U+00A3 (decimal 163)
   defining Unicode char U+00AB (decimal 171)
   defining Unicode char U+00BB (decimal 187)
   defining Unicode char U+00BF (decimal 191)
   defining Unicode char U+00C0 (decimal 192)
   defining Unicode char U+00C1 (decimal 193)
   defining Unicode char U+00C2 (decimal 194)
   defining Unicode char U+00C3 (decimal 195)
   defining Unicode char U+00C4 (decimal 196)
   defining Unicode char U+00C5 (decimal 197)
   defining Unicode char U+00C6 (decimal 198)
   defining Unicode char U+00C7 (decimal 199)
   defining Unicode char U+00C8 (decimal 200)
   defining Unicode char U+00C9 (decimal 201)
   defining Unicode char U+00CA (decimal 202)
   defining Unicode char U+00CB (decimal 203)
   defining Unicode char U+00CC (decimal 204)
   defining Unicode char U+00CD (decimal 205)
   defining Unicode char U+00CE (decimal 206)
   defining Unicode char U+00CF (decimal 207)
   defining Unicode char U+00D0 (decimal 208)
   defining Unicode char U+00D1 (decimal 209)
   defining Unicode char U+00D2 (decimal 210)
   defining Unicode char U+00D3 (decimal 211)
   defining Unicode char U+00D4 (decimal 212)
   defining Unicode char U+00D5 (decimal 213)
   defining Unicode char U+00D6 (decimal 214)
   defining Unicode char U+00D8 (decimal 216)
   defining Unicode char U+00D9 (decimal 217)
   defining Unicode char U+00DA (decimal 218)
   defining Unicode char U+00DB (decimal 219)
   defining Unicode char U+00DC (decimal 220)
   defining Unicode char U+00DD (decimal 221)
   defining Unicode char U+00DE (decimal 222)
   defining Unicode char U+00DF (decimal 223)
   defining Unicode char U+00E0 (decimal 224)
   defining Unicode char U+00E1 (decimal 225)
   defining Unicode char U+00E2 (decimal 226)
   defining Unicode char U+00E3 (decimal 227)
   defining Unicode char U+00E4 (decimal 228)
   defining Unicode char U+00E5 (decimal 229)
   defining Unicode char U+00E6 (decimal 230)
   defining Unicode char U+00E7 (decimal 231)
   defining Unicode char U+00E8 (decimal 232)
   defining Unicode char U+00E9 (decimal 233)
   defining Unicode char U+00EA (decimal 234)
   defining Unicode char U+00EB (decimal 235)
   defining Unicode char U+00EC (decimal 236)
   defining Unicode char U+00ED (decimal 237)
   defining Unicode char U+00EE (decimal 238)
   defining Unicode char U+00EF (decimal 239)
   defining Unicode char U+00F0 (decimal 240)
   defining Unicode char U+00F1 (decimal 241)
   defining Unicode char U+00F2 (decimal 242)
   defining Unicode char U+00F3 (decimal 243)
   defining Unicode char U+00F4 (decimal 244)
   defining Unicode char U+00F5 (decimal 245)
   defining Unicode char U+00F6 (decimal 246)
   defining Unicode char U+00F8 (decimal 248)
   defining Unicode char U+00F9 (decimal 249)
   defining Unicode char U+00FA (decimal 250)
   defining Unicode char U+00FB (decimal 251)
   defining Unicode char U+00FC (decimal 252)
   defining Unicode char U+00FD (decimal 253)
   defining Unicode char U+00FE (decimal 254)
   defining Unicode char U+00FF (decimal 255)
   defining Unicode char U+0102 (decimal 258)
   defining Unicode char U+0103 (decimal 259)
   defining Unicode char U+0104 (decimal 260)
   defining Unicode char U+0105 (decimal 261)
   defining Unicode char U+0106 (decimal 262)
   defining Unicode char U+0107 (decimal 263)
   defining Unicode char U+010C (decimal 268)
   defining Unicode char U+010D (decimal 269)
   defining Unicode char U+010E (decimal 270)
   defining Unicode char U+010F (decimal 271)
   defining Unicode char U+0110 (decimal 272)
   defining Unicode char U+0111 (decimal 273)
   defining Unicode char U+0118 (decimal 280)
   defining Unicode char U+0119 (decimal 281)
   defining Unicode char U+011A (decimal 282)
   defining Unicode char U+011B (decimal 283)
   defining Unicode char U+011E (decimal 286)
   defining Unicode char U+011F (decimal 287)
   defining Unicode char U+0130 (decimal 304)
   defining Unicode char U+0131 (decimal 305)
   defining Unicode char U+0132 (decimal 306)
   defining Unicode char U+0133 (decimal 307)
   defining Unicode char U+0139 (decimal 313)
   defining Unicode char U+013A (decimal 314)
   defining Unicode char U+013D (decimal 317)
   defining Unicode char U+013E (decimal 318)
   defining Unicode char U+0141 (decimal 321)
   defining Unicode char U+0142 (decimal 322)
   defining Unicode char U+0143 (decimal 323)
   defining Unicode char U+0144 (decimal 324)
   defining Unicode char U+0147 (decimal 327)
   defining Unicode char U+0148 (decimal 328)
   defining Unicode char U+014A (decimal 330)
   defining Unicode char U+014B (decimal 331)
   defining Unicode char U+0150 (decimal 336)
   defining Unicode char U+0151 (decimal 337)
   defining Unicode char U+0152 (decimal 338)
   defining Unicode char U+0153 (decimal 339)
   defining Unicode char U+0154 (decimal 340)
   defining Unicode char U+0155 (decimal 341)
   defining Unicode char U+0158 (decimal 344)
   defining Unicode char U+0159 (decimal 345)
   defining Unicode char U+015A (decimal 346)
   defining Unicode char U+015B (decimal 347)
   defining Unicode char U+015E (decimal 350)
   defining Unicode char U+015F (decimal 351)
   defining Unicode char U+0160 (decimal 352)
   defining Unicode char U+0161 (decimal 353)
   defining Unicode char U+0162 (decimal 354)
   defining Unicode char U+0163 (decimal 355)
   defining Unicode char U+0164 (decimal 356)
   defining Unicode char U+0165 (decimal 357)
   defining Unicode char U+016E (decimal 366)
   defining Unicode char U+016F (decimal 367)
   defining Unicode char U+0170 (decimal 368)
   defining Unicode char U+0171 (decimal 369)
   defining Unicode char U+0178 (decimal 376)
   defining Unicode char U+0179 (decimal 377)
   defining Unicode char U+017A (decimal 378)
   defining Unicode char U+017B (decimal 379)
   defining Unicode char U+017C (decimal 380)
   defining Unicode char U+017D (decimal 381)
   defining Unicode char U+017E (decimal 382)
   defining Unicode char U+200C (decimal 8204)
   defining Unicode char U+2013 (decimal 8211)
   defining Unicode char U+2014 (decimal 8212)
   defining Unicode char U+2018 (decimal 8216)
   defining Unicode char U+2019 (decimal 8217)
   defining Unicode char U+201A (decimal 8218)
   defining Unicode char U+201C (decimal 8220)
   defining Unicode char U+201D (decimal 8221)
   defining Unicode char U+201E (decimal 8222)
   defining Unicode char U+2030 (decimal 8240)
   defining Unicode char U+2031 (decimal 8241)
   defining Unicode char U+2039 (decimal 8249)
   defining Unicode char U+203A (decimal 8250)
   defining Unicode char U+2423 (decimal 9251)
)
Now handling font encoding OT1 ...
... processing UTF-8 mapping file for font encoding OT1

("C:\Program Files\MiKTeX 2.9\tex\latex\base\ot1enc.dfu"
File: ot1enc.dfu 2008/04/05 v1.1m UTF-8 support for inputenc
   defining Unicode char U+00A1 (decimal 161)
   defining Unicode char U+00A3 (decimal 163)
   defining Unicode char U+00B8 (decimal 184)
   defining Unicode char U+00BF (decimal 191)
   defining Unicode char U+00C5 (decimal 197)
   defining Unicode char U+00C6 (decimal 198)
   defining Unicode char U+00D8 (decimal 216)
   defining Unicode char U+00DF (decimal 223)
   defining Unicode char U+00E6 (decimal 230)
   defining Unicode char U+00EC (decimal 236)
   defining Unicode char U+00ED (decimal 237)
   defining Unicode char U+00EE (decimal 238)
   defining Unicode char U+00EF (decimal 239)
   defining Unicode char U+00F8 (decimal 248)
   defining Unicode char U+0131 (decimal 305)
   defining Unicode char U+0141 (decimal 321)
   defining Unicode char U+0142 (decimal 322)
   defining Unicode char U+0152 (decimal 338)
   defining Unicode char U+0153 (decimal 339)
   defining Unicode char U+2013 (decimal 8211)
   defining Unicode char U+2014 (decimal 8212)
   defining Unicode char U+2018 (decimal 8216)
   defining Unicode char U+2019 (decimal 8217)
   defining Unicode char U+201C (decimal 8220)
   defining Unicode char U+201D (decimal 8221)
)
Now handling font encoding OMS ...
... processing UTF-8 mapping file for font encoding OMS

("C:\Program Files\MiKTeX 2.9\tex\latex\base\omsenc.dfu"
File: omsenc.dfu 2008/04/05 v1.1m UTF-8 support for inputenc
   defining Unicode char U+00A7 (decimal 167)
   defining Unicode char U+00B6 (decimal 182)
   defining Unicode char U+00B7 (decimal 183)
   defining Unicode char U+2020 (decimal 8224)
   defining Unicode char U+2021 (decimal 8225)
   defining Unicode char U+2022 (decimal 8226)
)
Now handling font encoding OMX ...
... no UTF-8 mapping file for font encoding OMX
Now handling font encoding U ...
... no UTF-8 mapping file for font encoding U
   defining Unicode char U+00A9 (decimal 169)
   defining Unicode char U+00AA (decimal 170)
   defining Unicode char U+00AE (decimal 174)
   defining Unicode char U+00BA (decimal 186)
   defining Unicode char U+02C6 (decimal 710)
   defining Unicode char U+02DC (decimal 732)
   defining Unicode char U+200C (decimal 8204)
   defining Unicode char U+2026 (decimal 8230)
   defining Unicode char U+2122 (decimal 8482)
   defining Unicode char U+2423 (decimal 9251)
))
("C:\Program Files\MiKTeX 2.9\tex\generic\babel\babel.sty"
Package: babel 2008/07/08 v3.8m The Babel package

*************************************
* Local config file bblopts.cfg used
*
("C:\Program Files\MiKTeX 2.9\tex\latex\00miktex\bblopts.cfg"
File: bblopts.cfg 2006/07/31 v1.0 MiKTeX 'babel' configuration
)
("C:\Program Files\MiKTeX 2.9\tex\generic\babel\english.ldf"
Language: english 2005/03/30 v3.3o English support from the babel system

("C:\Program Files\MiKTeX 2.9\tex\generic\babel\babel.def"
File: babel.def 2008/07/08 v3.8m Babel common definitions
\babel@savecnt=\count138
\U@D=\dimen148
)
\l@canadian = a dialect from \language\l@american 
\l@australian = a dialect from \language\l@british 
\l@newzealand = a dialect from \language\l@british 
))
("C:\Program Files\MiKTeX 2.9\tex\latex\base\fontenc.sty"
Package: fontenc 2005/09/27 v1.99g Standard LaTeX package

("C:\Program Files\MiKTeX 2.9\tex\latex\base\t1enc.def"
File: t1enc.def 2005/09/27 v1.99g Standard LaTeX file
LaTeX Font Info:    Redeclaring font encoding T1 on input line 43.
))
("C:\Program Files\MiKTeX 2.9\tex\latex\base\latexsym.sty"
Package: latexsym 1998/08/17 v2.2e Standard LaTeX package (lasy symbols)
\symlasy=\mathgroup4
LaTeX Font Info:    Overwriting symbol font `lasy' in version `bold'
(Font)                  U/lasy/m/n --> U/lasy/b/n on input line 47.
)
("C:\Program Files\MiKTeX 2.9\tex\latex\xcolor\xcolor.sty"
Package: xcolor 2007/01/21 v2.11 LaTeX color extensions (UK)

("C:\Program Files\MiKTeX 2.9\tex\latex\00miktex\color.cfg"
File: color.cfg 2007/01/18 v1.5 color configuration of teTeX/TeXLive
)
Package xcolor Info: Driver file: pdftex.def on input line 225.

("C:\Program Files\MiKTeX 2.9\tex\latex\pdftex-def\pdftex.def"
File: pdftex.def 2011/05/27 v0.06d Graphics/color for pdfTeX

("C:\Program Files\MiKTeX 2.9\tex\generic\oberdiek\infwarerr.sty"
Package: infwarerr 2010/04/08 v1.3 Providing info/warning/message (HO)
)
("C:\Program Files\MiKTeX 2.9\tex\generic\oberdiek\ltxcmds.sty"
Package: ltxcmds 2011/04/18 v1.20 LaTeX kernel commands for general use (HO)
)
\Gread@gobject=\count139
)
Package xcolor Info: Model `cmy' substituted by `cmy0' on input line 1337.
Package xcolor Info: Model `hsb' substituted by `rgb' on input line 1341.
Package xcolor Info: Model `RGB' extended on input line 1353.
Package xcolor Info: Model `HTML' substituted by `rgb' on input line 1355.
Package xcolor Info: Model `Hsb' substituted by `hsb' on input line 1356.
Package xcolor Info: Model `tHsb' substituted by `hsb' on input line 1357.
Package xcolor Info: Model `HSB' substituted by `hsb' on input line 1358.
Package xcolor Info: Model `Gray' substituted by `gray' on input line 1359.
Package xcolor Info: Model `wave' substituted by `hsb' on input line 1360.
)
("C:\Program Files\MiKTeX 2.9\tex\latex\ms\ragged2e.sty"
Package: ragged2e 2009/05/21 v2.1 ragged2e Package (MS)

("C:\Program Files\MiKTeX 2.9\tex\latex\ms\everysel.sty"
Package: everysel 2011/10/28 v1.2 EverySelectfont Package (MS)
)
\CenteringLeftskip=\skip185
\RaggedLeftLeftskip=\skip186
\RaggedRightLeftskip=\skip187
\CenteringRightskip=\skip188
\RaggedLeftRightskip=\skip189
\RaggedRightRightskip=\skip190
\CenteringParfillskip=\skip191
\RaggedLeftParfillskip=\skip192
\RaggedRightParfillskip=\skip193
\JustifyingParfillskip=\skip194
\CenteringParindent=\skip195
\RaggedLeftParindent=\skip196
\RaggedRightParindent=\skip197
\JustifyingParindent=\skip198
)
("C:\Program Files\MiKTeX 2.9\tex\latex\base\fix-cm.sty"
Package: fix-cm 2006/09/13 v1.1m fixes to LaTeX

("C:\Program Files\MiKTeX 2.9\tex\latex\base\ts1enc.def"
File: ts1enc.def 2001/06/05 v3.0e (jk/car/fm) Standard LaTeX file
Now handling font encoding TS1 ...
... processing UTF-8 mapping file for font encoding TS1

("C:\Program Files\MiKTeX 2.9\tex\latex\base\ts1enc.dfu"
File: ts1enc.dfu 2008/04/05 v1.1m UTF-8 support for inputenc
   defining Unicode char U+00A2 (decimal 162)
   defining Unicode char U+00A3 (decimal 163)
   defining Unicode char U+00A4 (decimal 164)
   defining Unicode char U+00A5 (decimal 165)
   defining Unicode char U+00A6 (decimal 166)
   defining Unicode char U+00A7 (decimal 167)
   defining Unicode char U+00A8 (decimal 168)
   defining Unicode char U+00A9 (decimal 169)
   defining Unicode char U+00AA (decimal 170)
   defining Unicode char U+00AC (decimal 172)
   defining Unicode char U+00AE (decimal 174)
   defining Unicode char U+00AF (decimal 175)
   defining Unicode char U+00B0 (decimal 176)
   defining Unicode char U+00B1 (decimal 177)
   defining Unicode char U+00B2 (decimal 178)
   defining Unicode char U+00B3 (decimal 179)
   defining Unicode char U+00B4 (decimal 180)
   defining Unicode char U+00B5 (decimal 181)
   defining Unicode char U+00B6 (decimal 182)
   defining Unicode char U+00B7 (decimal 183)
   defining Unicode char U+00B9 (decimal 185)
   defining Unicode char U+00BA (decimal 186)
   defining Unicode char U+00BC (decimal 188)
   defining Unicode char U+00BD (decimal 189)
   defining Unicode char U+00BE (decimal 190)
   defining Unicode char U+00D7 (decimal 215)
   defining Unicode char U+00F7 (decimal 247)
   defining Unicode char U+0192 (decimal 402)
   defining Unicode char U+02C7 (decimal 711)
   defining Unicode char U+02D8 (decimal 728)
   defining Unicode char U+02DD (decimal 733)
   defining Unicode char U+0E3F (decimal 3647)
   defining Unicode char U+2016 (decimal 8214)
   defining Unicode char U+2020 (decimal 8224)
   defining Unicode char U+2021 (decimal 8225)
   defining Unicode char U+2022 (decimal 8226)
   defining Unicode char U+2030 (decimal 8240)
   defining Unicode char U+2031 (decimal 8241)
   defining Unicode char U+203B (decimal 8251)
   defining Unicode char U+203D (decimal 8253)
   defining Unicode char U+2044 (decimal 8260)
   defining Unicode char U+204E (decimal 8270)
   defining Unicode char U+2052 (decimal 8274)
   defining Unicode char U+20A1 (decimal 8353)
   defining Unicode char U+20A4 (decimal 8356)
   defining Unicode char U+20A6 (decimal 8358)
   defining Unicode char U+20A9 (decimal 8361)
   defining Unicode char U+20AB (decimal 8363)
   defining Unicode char U+20AC (decimal 8364)
   defining Unicode char U+20B1 (decimal 8369)
   defining Unicode char U+2103 (decimal 8451)
   defining Unicode char U+2116 (decimal 8470)
   defining Unicode char U+2117 (decimal 8471)
   defining Unicode char U+211E (decimal 8478)
   defining Unicode char U+2120 (decimal 8480)
   defining Unicode char U+2122 (decimal 8482)
   defining Unicode char U+2126 (decimal 8486)
   defining Unicode char U+2127 (decimal 8487)
   defining Unicode char U+212E (decimal 8494)
   defining Unicode char U+2190 (decimal 8592)
   defining Unicode char U+2191 (decimal 8593)
   defining Unicode char U+2192 (decimal 8594)
   defining Unicode char U+2193 (decimal 8595)
   defining Unicode char U+2329 (decimal 9001)
   defining Unicode char U+232A (decimal 9002)
   defining Unicode char U+2422 (decimal 9250)
   defining Unicode char U+25E6 (decimal 9702)
   defining Unicode char U+25EF (decimal 9711)
   defining Unicode char U+266A (decimal 9834)
)))
("C:\Program Files\MiKTeX 2.9\tex\latex\pdfpages\pdfpages.sty"
Package: pdfpages 2012/03/08 v0.4r Insert pages of external PDF documents (AM)

("C:\Program Files\MiKTeX 2.9\tex\latex\base\ifthen.sty"
Package: ifthen 2001/05/26 v1.1c Standard LaTeX ifthen package (DPC)
)
("C:\Program Files\MiKTeX 2.9\tex\latex\tools\calc.sty"
Package: calc 2007/08/22 v4.3 Infix arithmetic (KKT,FJ)
\calc@Acount=\count140
\calc@Bcount=\count141
\calc@Adimen=\dimen149
\calc@Bdimen=\dimen150
\calc@Askip=\skip199
\calc@Bskip=\skip200
LaTeX Info: Redefining \setlength on input line 76.
LaTeX Info: Redefining \addtolength on input line 77.
\calc@Ccount=\count142
\calc@Cskip=\skip201
)
("C:\Program Files\MiKTeX 2.9\tex\latex\eso-pic\eso-pic.sty"
Package: eso-pic 2010/10/06 v2.0c eso-pic (RN)

("C:\Program Files\MiKTeX 2.9\tex\generic\oberdiek\atbegshi.sty"
Package: atbegshi 2011/01/30 v1.15 At begin shipout hook (HO)
)
("C:\Program Files\MiKTeX 2.9\tex\latex\graphics\keyval.sty"
Package: keyval 1999/03/16 v1.13 key=value parser (DPC)
\KV@toks@=\toks24
))
("C:\Program Files\MiKTeX 2.9\tex\latex\graphics\graphicx.sty"
Package: graphicx 1999/02/16 v1.0f Enhanced LaTeX Graphics (DPC,SPQR)

("C:\Program Files\MiKTeX 2.9\tex\latex\graphics\graphics.sty"
Package: graphics 2009/02/05 v1.0o Standard LaTeX Graphics (DPC,SPQR)

("C:\Program Files\MiKTeX 2.9\tex\latex\graphics\trig.sty"
Package: trig 1999/03/16 v1.09 sin cos tan (DPC)
)
("C:\Program Files\MiKTeX 2.9\tex\latex\00miktex\graphics.cfg"
File: graphics.cfg 2007/01/18 v1.5 graphics configuration of teTeX/TeXLive
)
Package graphics Info: Driver file: pdftex.def on input line 91.
)
\Gin@req@height=\dimen151
\Gin@req@width=\dimen152
)
("C:\Program Files\MiKTeX 2.9\tex\latex\pdfpages\pppdftex.def"
File: pppdftex.def 2012/03/08 v0.4r Pdfpages driver for pdfTeX (AM)
)
\AM@pagebox=\box29
\AM@toc@title=\toks25
\c@AM@survey=\count143
\AM@templatesizebox=\box30
)
("C:\Program Files\MiKTeX 2.9\tex\latex\base\fixltx2e.sty"
Package: fixltx2e 2006/09/13 v1.1m fixes to LaTeX
LaTeX Info: Redefining \em on input line 420.
LaTeX Info: Redefining \textsubscript on input line 424.
)
("C:\Program Files\MiKTeX 2.9\tex\latex\listings\listings.sty"
\lst@mode=\count144
\lst@gtempboxa=\box31
\lst@token=\toks26
\lst@length=\count145
\lst@currlwidth=\dimen153
\lst@column=\count146
\lst@pos=\count147
\lst@lostspace=\dimen154
\lst@width=\dimen155
\lst@newlines=\count148
\lst@lineno=\count149
\lst@maxwidth=\dimen156

("C:\Program Files\MiKTeX 2.9\tex\latex\listings\lstmisc.sty"
File: lstmisc.sty 2007/02/22 1.4 (Carsten Heinz)
\c@lstnumber=\count150
\lst@skipnumbers=\count151
\lst@framebox=\box32
)
("C:\Program Files\MiKTeX 2.9\tex\latex\listings\listings.cfg"
File: listings.cfg 2007/02/22 1.4 listings configuration
))
Package: listings 2007/02/22 1.4 (Carsten Heinz)

("C:\Program Files\MiKTeX 2.9\tex\latex\listings\lstlang1.sty"
File: lstlang1.sty 2004/09/05 1.3 listings language file
)
("C:\Program Files\MiKTeX 2.9\tex\latex\rotating\rotating.sty"
Package: rotating 2009/03/28 v2.16a rotated objects in LaTeX
\c@r@tfl@t=\count152
\rotFPtop=\skip202
\rotFPbot=\skip203
\rot@float@box=\box33
\rot@mess@toks=\toks27
)
("C:\Program Files\MiKTeX 2.9\tex\latex\ams\math\amsmath.sty"
Package: amsmath 2000/07/18 v2.13 AMS math features
\@mathmargin=\skip204

For additional information on amsmath, use the `?' option.
("C:\Program Files\MiKTeX 2.9\tex\latex\ams\math\amstext.sty"
Package: amstext 2000/06/29 v2.01

("C:\Program Files\MiKTeX 2.9\tex\latex\ams\math\amsgen.sty"
File: amsgen.sty 1999/11/30 v2.0
\@emptytoks=\toks28
\ex@=\dimen157
))
("C:\Program Files\MiKTeX 2.9\tex\latex\ams\math\amsbsy.sty"
Package: amsbsy 1999/11/29 v1.2d
\pmbraise@=\dimen158
)
("C:\Program Files\MiKTeX 2.9\tex\latex\ams\math\amsopn.sty"
Package: amsopn 1999/12/14 v2.01 operator names
)
\inf@bad=\count153
LaTeX Info: Redefining \frac on input line 211.
\uproot@=\count154
\leftroot@=\count155
LaTeX Info: Redefining \overline on input line 307.
\classnum@=\count156
\DOTSCASE@=\count157
LaTeX Info: Redefining \ldots on input line 379.
LaTeX Info: Redefining \dots on input line 382.
LaTeX Info: Redefining \cdots on input line 467.
\Mathstrutbox@=\box34
\strutbox@=\box35
\big@size=\dimen159
LaTeX Font Info:    Redeclaring font encoding OML on input line 567.
LaTeX Font Info:    Redeclaring font encoding OMS on input line 568.
\macc@depth=\count158
\c@MaxMatrixCols=\count159
\dotsspace@=\muskip10
\c@parentequation=\count160
\dspbrk@lvl=\count161
\tag@help=\toks29
\row@=\count162
\column@=\count163
\maxfields@=\count164
\andhelp@=\toks30
\eqnshift@=\dimen160
\alignsep@=\dimen161
\tagshift@=\dimen162
\tagwidth@=\dimen163
\totwidth@=\dimen164
\lineht@=\dimen165
\@envbody=\toks31
\multlinegap=\skip205
\multlinetaggap=\skip206
\mathdisplay@stack=\toks32
LaTeX Info: Redefining \[ on input line 2666.
LaTeX Info: Redefining \] on input line 2667.
)
("C:\Program Files\MiKTeX 2.9\tex\latex\amsfonts\amssymb.sty"
Package: amssymb 2009/06/22 v3.00

("C:\Program Files\MiKTeX 2.9\tex\latex\amsfonts\amsfonts.sty"
Package: amsfonts 2009/06/22 v3.00 Basic AMSFonts support
\symAMSa=\mathgroup5
\symAMSb=\mathgroup6
LaTeX Font Info:    Overwriting math alphabet `\mathfrak' in version `bold'
(Font)                  U/euf/m/n --> U/euf/b/n on input line 96.
))
("C:\Program Files\MiKTeX 2.9\tex\latex\stmaryrd\stmaryrd.sty"
Package: stmaryrd 1994/03/03 St Mary's Road symbol package
\symstmry=\mathgroup7
LaTeX Font Info:    Overwriting symbol font `stmry' in version `bold'
(Font)                  U/stmry/m/n --> U/stmry/b/n on input line 89.
)
("C:\Program Files\MiKTeX 2.9\tex\latex\base\textcomp.sty"
Package: textcomp 2005/09/27 v1.99g Standard LaTeX package
Package textcomp Info: Sub-encoding information:
(textcomp)               5 = only ISO-Adobe without \textcurrency
(textcomp)               4 = 5 + \texteuro
(textcomp)               3 = 4 + \textohm
(textcomp)               2 = 3 + \textestimated + \textcurrency
(textcomp)               1 = TS1 - \textcircled - \t
(textcomp)               0 = TS1 (full)
(textcomp)             Font families with sub-encoding setting implement
(textcomp)             only a restricted character set as indicated.
(textcomp)             Family '?' is the default used for unknown fonts.
(textcomp)             See the documentation for details.
Package textcomp Info: Setting ? sub-encoding to TS1/1 on input line 71.

("C:\Program Files\MiKTeX 2.9\tex\latex\base\ts1enc.def"
File: ts1enc.def 2001/06/05 v3.0e (jk/car/fm) Standard LaTeX file
LaTeX Font Info:    Redeclaring font encoding TS1 on input line 42.
)
LaTeX Info: Redefining \oldstylenums on input line 266.
Package textcomp Info: Setting cmr sub-encoding to TS1/0 on input line 281.
Package textcomp Info: Setting cmss sub-encoding to TS1/0 on input line 282.
Package textcomp Info: Setting cmtt sub-encoding to TS1/0 on input line 283.
Package textcomp Info: Setting cmvtt sub-encoding to TS1/0 on input line 284.
Package textcomp Info: Setting cmbr sub-encoding to TS1/0 on input line 285.
Package textcomp Info: Setting cmtl sub-encoding to TS1/0 on input line 286.
Package textcomp Info: Setting ccr sub-encoding to TS1/0 on input line 287.
Package textcomp Info: Setting ptm sub-encoding to TS1/4 on input line 288.
Package textcomp Info: Setting pcr sub-encoding to TS1/4 on input line 289.
Package textcomp Info: Setting phv sub-encoding to TS1/4 on input line 290.
Package textcomp Info: Setting ppl sub-encoding to TS1/3 on input line 291.
Package textcomp Info: Setting pag sub-encoding to TS1/4 on input line 292.
Package textcomp Info: Setting pbk sub-encoding to TS1/4 on input line 293.
Package textcomp Info: Setting pnc sub-encoding to TS1/4 on input line 294.
Package textcomp Info: Setting pzc sub-encoding to TS1/4 on input line 295.
Package textcomp Info: Setting bch sub-encoding to TS1/4 on input line 296.
Package textcomp Info: Setting put sub-encoding to TS1/5 on input line 297.
Package textcomp Info: Setting uag sub-encoding to TS1/5 on input line 298.
Package textcomp Info: Setting ugq sub-encoding to TS1/5 on input line 299.
Package textcomp Info: Setting ul8 sub-encoding to TS1/4 on input line 300.
Package textcomp Info: Setting ul9 sub-encoding to TS1/4 on input line 301.
Package textcomp Info: Setting augie sub-encoding to TS1/5 on input line 302.
Package textcomp Info: Setting dayrom sub-encoding to TS1/3 on input line 303.
Package textcomp Info: Setting dayroms sub-encoding to TS1/3 on input line 304.

Package textcomp Info: Setting pxr sub-encoding to TS1/0 on input line 305.
Package textcomp Info: Setting pxss sub-encoding to TS1/0 on input line 306.
Package textcomp Info: Setting pxtt sub-encoding to TS1/0 on input line 307.
Package textcomp Info: Setting txr sub-encoding to TS1/0 on input line 308.
Package textcomp Info: Setting txss sub-encoding to TS1/0 on input line 309.
Package textcomp Info: Setting txtt sub-encoding to TS1/0 on input line 310.
Package textcomp Info: Setting lmr sub-encoding to TS1/0 on input line 311.
Package textcomp Info: Setting lmdh sub-encoding to TS1/0 on input line 312.
Package textcomp Info: Setting lmss sub-encoding to TS1/0 on input line 313.
Package textcomp Info: Setting lmssq sub-encoding to TS1/0 on input line 314.
Package textcomp Info: Setting lmvtt sub-encoding to TS1/0 on input line 315.
Package textcomp Info: Setting qhv sub-encoding to TS1/0 on input line 316.
Package textcomp Info: Setting qag sub-encoding to TS1/0 on input line 317.
Package textcomp Info: Setting qbk sub-encoding to TS1/0 on input line 318.
Package textcomp Info: Setting qcr sub-encoding to TS1/0 on input line 319.
Package textcomp Info: Setting qcs sub-encoding to TS1/0 on input line 320.
Package textcomp Info: Setting qpl sub-encoding to TS1/0 on input line 321.
Package textcomp Info: Setting qtm sub-encoding to TS1/0 on input line 322.
Package textcomp Info: Setting qzc sub-encoding to TS1/0 on input line 323.
Package textcomp Info: Setting qhvc sub-encoding to TS1/0 on input line 324.
Package textcomp Info: Setting futs sub-encoding to TS1/4 on input line 325.
Package textcomp Info: Setting futx sub-encoding to TS1/4 on input line 326.
Package textcomp Info: Setting futj sub-encoding to TS1/4 on input line 327.
Package textcomp Info: Setting hlh sub-encoding to TS1/3 on input line 328.
Package textcomp Info: Setting hls sub-encoding to TS1/3 on input line 329.
Package textcomp Info: Setting hlst sub-encoding to TS1/3 on input line 330.
Package textcomp Info: Setting hlct sub-encoding to TS1/5 on input line 331.
Package textcomp Info: Setting hlx sub-encoding to TS1/5 on input line 332.
Package textcomp Info: Setting hlce sub-encoding to TS1/5 on input line 333.
Package textcomp Info: Setting hlcn sub-encoding to TS1/5 on input line 334.
Package textcomp Info: Setting hlcw sub-encoding to TS1/5 on input line 335.
Package textcomp Info: Setting hlcf sub-encoding to TS1/5 on input line 336.
Package textcomp Info: Setting pplx sub-encoding to TS1/3 on input line 337.
Package textcomp Info: Setting pplj sub-encoding to TS1/3 on input line 338.
Package textcomp Info: Setting ptmx sub-encoding to TS1/4 on input line 339.
Package textcomp Info: Setting ptmj sub-encoding to TS1/4 on input line 340.
)
("C:\Program Files\MiKTeX 2.9\tex\latex\mh\mathtools.sty"
Package: mathtools 2011/04/06 v1.11 mathematical typesetting tools

("C:\Program Files\MiKTeX 2.9\tex\latex\mh\mhsetup.sty"
Package: mhsetup 2010/01/21 v1.2a programming setup (MH)
)
\g_MT_multlinerow_int=\count165
\l_MT_multwidth_dim=\dimen166
\origjot=\skip207
\l_MT_shortvdotswithinadjustabove_dim=\dimen167
\l_MT_shortvdotswithinadjustbelow_dim=\dimen168
)
("C:\Program Files\MiKTeX 2.9\tex\latex\siunitx\siunitx.sty"
("C:\Program Files\MiKTeX 2.9\tex\latex\l3kernel\expl3.sty"
("C:\Program Files\MiKTeX 2.9\tex\latex\l3kernel\l3names.sty"
("C:\Program Files\MiKTeX 2.9\tex\latex\l3kernel\l3bootstrap.sty"
Package: l3bootstrap 2011/12/29 v3110 L3 Experimental bootstrap code
)
Package: l3names 2011/12/30 v3113 L3 Experimental namespace for primitives
)
Package: expl3 2012/02/26 v3471 L3 Experimental code bundle wrapper

("C:\Program Files\MiKTeX 2.9\tex\latex\l3kernel\l3basics.sty"
Package: l3basics 2012/02/26 v3460 L3 Experimental basic definitions
)
("C:\Program Files\MiKTeX 2.9\tex\latex\l3kernel\l3expan.sty"
Package: l3expan 2012/02/26 v3460 L3 Experimental argument expansion
)
("C:\Program Files\MiKTeX 2.9\tex\latex\l3kernel\l3tl.sty"
Package: l3tl 2012/02/26 v3460 L3 Experimental token lists
)
("C:\Program Files\MiKTeX 2.9\tex\latex\l3kernel\l3seq.sty"
Package: l3seq 2012/01/09 v3158 L3 Experimental sequences and stacks
)
("C:\Program Files\MiKTeX 2.9\tex\latex\l3kernel\l3int.sty"
Package: l3int 2012/02/26 v3460 L3 Experimental integers
\c_max_int=\count166
\l_tmpa_int=\count167
\l_tmpb_int=\count168
\l_tmpc_int=\count169
\g_tmpa_int=\count170
\g_tmpb_int=\count171
)
("C:\Program Files\MiKTeX 2.9\tex\latex\l3kernel\l3quark.sty"
Package: l3quark 2012/02/12 v3384 L3 Experimental quarks
)
("C:\Program Files\MiKTeX 2.9\tex\latex\l3kernel\l3prg.sty"
Package: l3prg 2012/02/26 v3464 L3 Experimental control structures
\g_prg_map_int=\count172
)
("C:\Program Files\MiKTeX 2.9\tex\latex\l3kernel\l3clist.sty"
Package: l3clist 2012/02/26 v3460 L3 Experimental comma separated lists
)
("C:\Program Files\MiKTeX 2.9\tex\latex\l3kernel\l3token.sty"
Package: l3token 2012/02/26 v3460 L3 Experimental token manipulation
)
("C:\Program Files\MiKTeX 2.9\tex\latex\l3kernel\l3prop.sty"
Package: l3prop 2012/02/26 v3460 L3 Experimental property lists
)
("C:\Program Files\MiKTeX 2.9\tex\latex\l3kernel\l3msg.sty"
Package: l3msg 2012/02/26 v3470 L3 Experimental messages
)
("C:\Program Files\MiKTeX 2.9\tex\latex\l3kernel\l3file.sty"
Package: l3file 2012/02/26 v3464 L3 Experimental file and I/O operations
\l_iow_stream_int=\count173
\l_iow_line_length_int=\count174
\l_iow_target_length_int=\count175
\l_iow_current_line_int=\count176
\l_iow_current_word_int=\count177
\l_iow_current_indentation_int=\count178
)
("C:\Program Files\MiKTeX 2.9\tex\latex\l3kernel\l3skip.sty"
Package: l3skip 2012/02/26 v3460 L3 Experimental dimensions and skips
\l_tmpa_dim=\dimen169
\l_tmpb_dim=\dimen170
\l_tmpc_dim=\dimen171
\g_tmpa_dim=\dimen172
\g_tmpb_dim=\dimen173
Normal \skip register pool exhausted, switching to extended pool.
\l_tmpa_skip=\skip256
\l_tmpb_skip=\skip257
\l_tmpc_skip=\skip258
\g_tmpa_skip=\skip259
\g_tmpb_skip=\skip260
)
("C:\Program Files\MiKTeX 2.9\tex\latex\l3kernel\l3keys.sty"
Package: l3keys 2011/12/22 v3086 L3 Experimental key-value interfaces
\g_keyval_level_int=\count179
\l_keys_choice_int=\count180
)
("C:\Program Files\MiKTeX 2.9\tex\latex\l3kernel\l3fp.sty"
Package: l3fp 2012/02/06 v3315 L3 Experimental floating-point operations
\c_one_million=\count181
\c_one_hundred_million=\count182
\c_five_hundred_million=\count183
\c_one_thousand_million=\count184
\c_fp_pi_by_four_decimal_int=\count185
\c_fp_pi_by_four_extended_int=\count186
\c_fp_pi_decimal_int=\count187
\c_fp_pi_extended_int=\count188
\c_fp_two_pi_decimal_int=\count189
\c_fp_two_pi_extended_int=\count190
\l_fp_count_int=\count191
\l_fp_div_offset_int=\count192
\l_fp_exp_integer_int=\count193
\l_fp_exp_decimal_int=\count194
\l_fp_exp_extended_int=\count195
\l_fp_exp_exponent_int=\count196
Normal \count register pool exhausted, switching to extended pool.
\l_fp_input_a_sign_int=\count277
\l_fp_input_a_integer_int=\count278
\l_fp_input_a_decimal_int=\count279
\l_fp_input_a_exponent_int=\count280
\l_fp_input_b_sign_int=\count281
\l_fp_input_b_integer_int=\count282
\l_fp_input_b_decimal_int=\count283
\l_fp_input_b_exponent_int=\count284
\l_fp_input_a_extended_int=\count285
\l_fp_input_b_extended_int=\count286
\l_fp_mul_a_i_int=\count287
\l_fp_mul_a_ii_int=\count288
\l_fp_mul_a_iii_int=\count289
\l_fp_mul_a_iv_int=\count290
\l_fp_mul_a_v_int=\count291
\l_fp_mul_a_vi_int=\count292
\l_fp_mul_b_i_int=\count293
\l_fp_mul_b_ii_int=\count294
\l_fp_mul_b_iii_int=\count295
\l_fp_mul_b_iv_int=\count296
\l_fp_mul_b_v_int=\count297
\l_fp_mul_b_vi_int=\count298
\l_fp_mul_output_int=\count299
\l_fp_output_sign_int=\count300
\l_fp_output_integer_int=\count301
\l_fp_output_decimal_int=\count302
\l_fp_output_exponent_int=\count303
\l_fp_output_extended_int=\count304
\l_fp_round_position_int=\count305
\l_fp_round_target_int=\count306
\l_fp_split_sign_int=\count307
\l_fp_internal_int=\count308
\l_fp_trig_octant_int=\count309
\l_fp_trig_sign_int=\count310
\l_fp_trig_decimal_int=\count311
\l_fp_trig_extended_int=\count312
\l_fp_internal_dim=\dimen174
\l_fp_internal_skip=\skip261
)
("C:\Program Files\MiKTeX 2.9\tex\latex\l3kernel\l3box.sty"
Package: l3box 2012/02/18 v3432 L3 Experimental boxes
\l_tmpb_box=\box36
\l_box_top_dim=\dimen175
\l_box_bottom_dim=\dimen176
\l_box_left_dim=\dimen177
\l_box_right_dim=\dimen178
\l_box_top_new_dim=\dimen179
\l_box_bottom_new_dim=\dimen180
\l_box_left_new_dim=\dimen181
\l_box_right_new_dim=\dimen182
\l_box_internal_box=\box37
)
("C:\Program Files\MiKTeX 2.9\tex\latex\l3kernel\l3coffins.sty"
Package: l3coffins 2012/02/26 v3460 L3 Experimental coffin code layer
\l_coffin_internal_box=\box38
\l_coffin_internal_dim=\dimen183
\l_coffin_offset_x_dim=\dimen184
\l_coffin_offset_y_dim=\dimen185
\l_coffin_x_dim=\dimen186
\l_coffin_y_dim=\dimen187
\l_coffin_x_prime_dim=\dimen188
\l_coffin_y_prime_dim=\dimen189
\l_coffin_Depth_dim=\dimen190
\l_coffin_Height_dim=\dimen191
\l_coffin_TotalHeight_dim=\dimen192
\l_coffin_Width_dim=\dimen193
\c_empty_coffin=\box39
\l_coffin_aligned_coffin=\box40
\l_coffin_aligned_internal_coffin=\box41
\l_coffin_bounding_shift_dim=\dimen194
\l_coffin_left_corner_dim=\dimen195
\l_coffin_right_corner_dim=\dimen196
Normal \dimen register pool exhausted, switching to extended pool.
\l_coffin_bottom_corner_dim=\dimen256
\l_coffin_top_corner_dim=\dimen257
\l_coffin_scaled_total_height_dim=\dimen258
\l_coffin_scaled_width_dim=\dimen259
\l_coffin_display_coffin=\box42
\l_coffin_display_coord_coffin=\box43
\l_coffin_display_pole_coffin=\box44
\l_coffin_display_offset_dim=\dimen260
\l_coffin_display_x_dim=\dimen261
\l_coffin_display_y_dim=\dimen262
)
("C:\Program Files\MiKTeX 2.9\tex\latex\l3kernel\l3color.sty"
Package: l3color 2011/09/07 v2776 L3 Experimental colour support
)
("C:\Program Files\MiKTeX 2.9\tex\latex\l3kernel\l3luatex.sty"
Package: l3luatex 2012/02/09 v3355 L3 Experimental LuaTeX-specific functions
\g_cctab_allocate_int=\count313
\g_cctab_stack_int=\count314
))
Package: siunitx 2012/01/26 v2.4j A comprehensive (SI) units package

("C:\Program Files\MiKTeX 2.9\tex\latex\l3packages\l3keys2e\l3keys2e.sty"
("C:\Program Files\MiKTeX 2.9\tex\latex\l3packages\xparse\xparse.sty"
Package: xparse 2012/02/26 v3471 L3 Experimental document command parser
\l_xparse_current_arg_int=\count315
\l_xparse_m_args_int=\count316
\l_xparse_mandatory_args_int=\count317
\l_xparse_processor_int=\count318
\l_xparse_v_nesting_int=\count319
)
Package: l3keys2e 2012/02/26 v3471 LaTeX2e option processing using LaTeX3 keys
)
\l_siunitx_tmp_box=\box45
\l_siunitx_tmp_dim=\dimen263
\l_siunitx_tmp_int=\count320
Variant \prop_get:NVNT already defined; not changing it on line 363
Variant \prop_get:NVNF already defined; not changing it on line 364
Variant \prop_get:NVNTF already defined; not changing it on line 365
\l_siunitx_number_mantissa_length_int=\count321
\l_siunitx_number_uncert_length_int=\count322
\l_siunitx_round_int=\count323
\l_siunitx_process_decimal_int=\count324
\l_siunitx_process_uncertainty_int=\count325
\l_siunitx_process_fixed_int=\count326
\l_siunitx_process_integer_min_int=\count327
\l_siunitx_process_precision_int=\count328
\l_siunitx_group_min_int=\count329
\l_siunitx_angle_marker_box=\box46
\l_siunitx_angle_unit_box=\box47
\l_siunitx_angle_marker_dim=\dimen264
\l_siunitx_angle_unit_dim=\dimen265
\l_siunitx_unit_int=\count330
\l_siunitx_unit_denominator_int=\count331
\l_siunitx_unit_numerator_int=\count332
\l_siunitx_unit_prefix_int=\count333
\l_siunitx_unit_prefix_base_int=\count334
\l_siunitx_unit_prefix_gram_int=\count335
\l_siunitx_number_product_int=\count336
\c_siunitx_one_fill_skip=\skip262
\l_siunitx_table_unit_align_skip=\skip263
\l_siunitx_table_exponent_dim=\dimen266
\l_siunitx_table_integer_dim=\dimen267
\l_siunitx_table_mantissa_dim=\dimen268
\l_siunitx_table_marker_dim=\dimen269
\l_siunitx_table_result_dim=\dimen270
\l_siunitx_table_uncert_dim=\dimen271
\l_siunitx_table_fill_pre_dim=\dimen272
\l_siunitx_table_fill_post_dim=\dimen273
\l_siunitx_table_fill_mid_dim=\dimen274
\l_siunitx_table_pre_box=\box48
\l_siunitx_table_post_box=\box49
\l_siunitx_table_mantissa_box=\box50
\l_siunitx_table_result_box=\box51
\l_siunitx_table_number_align_skip=\skip264
\l_siunitx_table_text_align_skip=\skip265
.................................................
. LaTeX info: "xparse/define-command"
. 
. Defining document command \DeclareBinaryPrefix with arg. spec. 'mmm' on line
. 6955.
.................................................
.................................................
. LaTeX info: "xparse/define-command"
. 
. Defining document command \DeclareSIPostPower with arg. spec. 'mm' on line
. 6958.
.................................................
.................................................
. LaTeX info: "xparse/define-command"
. 
. Defining document command \DeclareSIPrefix with arg. spec. 'mmm' on line
. 6961.
.................................................
.................................................
. LaTeX info: "xparse/define-command"
. 
. Defining document command \DeclareSIPrePower with arg. spec. 'mm' on line
. 6964.
.................................................
.................................................
. LaTeX info: "xparse/define-command"
. 
. Defining document command \DeclareSIQualifier with arg. spec. 'mm' on line
. 6967.
.................................................
.................................................
. LaTeX info: "xparse/define-command"
. 
. Defining document command \DeclareSIUnit with arg. spec. 'O{}mm' on line
. 6970.
.................................................
.................................................
. LaTeX info: "xparse/define-command"
. 
. Defining document command \DeclareSIUnitWithOptions with arg. spec. 'mmm' on
. line 6973.
.................................................
.................................................
. LaTeX info: "xparse/define-command"
. 
. Defining document command \ang with arg. spec. 'o>{\SplitArgument {2}{;}}m'
. on line 6988.
.................................................
.................................................
. LaTeX info: "xparse/define-command"
. 
. Defining document command \num with arg. spec. 'om' on line 6996.
.................................................
.................................................
. LaTeX info: "xparse/define-command"
. 
. Defining document command \numlist with arg. spec. 'o>{\SplitList {;}}m' on
. line 7004.
.................................................
.................................................
. LaTeX info: "xparse/define-command"
. 
. Defining document command \numrange with arg. spec. 'omm' on line 7012.
.................................................
.................................................
. LaTeX info: "xparse/define-command"
. 
. Defining document command \SIlist with arg. spec. 'o>{\SplitList {;}}mm' on
. line 7023.
.................................................
.................................................
. LaTeX info: "xparse/define-command"
. 
. Defining document command \SIrange with arg. spec. 'ommm' on line 7034.
.................................................
.................................................
. LaTeX info: "xparse/define-command"
. 
. Defining document command \SI with arg. spec. 'omom' on line 7045.
.................................................
.................................................
. LaTeX info: "xparse/define-command"
. 
. Defining document command \sisetup with arg. spec. 'm' on line 7048.
.................................................
.................................................
. LaTeX info: "xparse/define-command"
. 
. Defining document command \tablenum with arg. spec. 'om' on line 7060.
.................................................
.................................................
. LaTeX info: "xparse/define-command"
. 
. Defining document command \si with arg. spec. 'om' on line 7071.
.................................................
.................................................
. LaTeX info: "xparse/define-command"
. 
. Defining document command \siunitx_bookmark_num:w with arg. spec. 'om' on
. line 7115.
.................................................
.................................................
. LaTeX info: "xparse/define-command"
. 
. Defining document command \siunitx_bookmark_numrange:w with arg. spec. 'omm'
. on line 7117.
.................................................
.................................................
. LaTeX info: "xparse/define-command"
. 
. Defining document command \siunitx_bookmark_SI:w with arg. spec. 'omom' on
. line 7119.
.................................................
.................................................
. LaTeX info: "xparse/define-command"
. 
. Defining document command \siunitx_bookmark_SIlist:w with arg. spec. 'omm'
. on line 7121.
.................................................
.................................................
. LaTeX info: "xparse/define-command"
. 
. Defining document command \siunitx_bookmark_SIrange:w with arg. spec. 'ommm'
. on line 7123.
.................................................
.................................................
. LaTeX info: "xparse/define-command"
. 
. Defining document command \siunitx_bookmark_si:w with arg. spec. 'om' on
. line 7124.
.................................................
\g_ior_internal_ior=\read2

("C:\Program Files\MiKTeX 2.9\tex\latex\beamer\base\translator\translator.sty"
Package: translator 2010/06/12 ver 1.10

("C:\Program Files\MiKTeX 2.9\tex\latex\beamer\base\translator\translator-langu
age-mappings.tex"))) ("C:\Program Files\MiKTeX 2.9\tex\latex\ltxmisc\url.sty"
\Urlmuskip=\muskip11
Package: url 2006/04/12  ver 3.3  Verb mode for urls, etc.
)
("C:\Program Files\MiKTeX 2.9\tex\latex\tools\varioref.sty"
Package: varioref 2011/10/02 v1.4z package for extended references (FMi)
\c@vrcnt=\count337
)
("C:\Program Files\MiKTeX 2.9\tex\latex\natbib\natbib.sty"
Package: natbib 2010/09/13 8.31b (PWD, AO)
\bibhang=\skip266
\bibsep=\skip267
LaTeX Info: Redefining \cite on input line 694.
\c@NAT@ctr=\count338
)
("C:\Program Files\MiKTeX 2.9\tex\latex\tools\xr.sty"
Package: xr 1994/05/28 v5.02 eXternal References (DPC)
)
("C:\Program Files\MiKTeX 2.9\tex\latex\nomencl\nomencl.sty"
Package: nomencl 2005/09/22 v4.2 Nomenclature package (LN)
\nomlabelwidth=\dimen275
\nom@tempdim=\dimen276
\nomitemsep=\skip268
)
\@nomenclaturefile=\write4

Writing nomenclature file Rapport.nlo
("C:\Program Files\MiKTeX 2.9\tex\latex\float\float.sty"
Package: float 2001/11/08 v1.3d Float enhancements (AL)
\c@float@type=\count339
\float@exts=\toks33
\float@box=\box52
\@float@everytoks=\toks34
\@floatcapt=\box53
)
("C:\Program Files\MiKTeX 2.9\tex\latex\fixme\fixme.sty"
Package: fixme 2009/09/30 v4.1 Insert fixme notes in your documents

("C:\Program Files\MiKTeX 2.9\tex\latex\xkeyval\xkeyval.sty"
Package: xkeyval 2008/08/13 v2.6a package option processing (HA)

("C:\Program Files\MiKTeX 2.9\tex\generic\xkeyval\xkeyval.tex"
\XKV@toks=\toks35
\XKV@tempa@toks=\toks36
\XKV@depth=\count340
File: xkeyval.tex 2008/08/13 v2.6a key=value parser (HA)
))
\c@fixmecount=\count341
\c@fxnotecount=\count342
\c@fxwarningcount=\count343
\c@fxerrorcount=\count344
\c@fxfatalcount=\count345
)

******************************************************
Stock height and width: 845.04684pt by 597.50787pt
Top and edge trims: 0pt and 0pt
Page height and width: 845.04684pt by 597.50787pt
Text height and width: 691.0003pt by 426pt
Spine and edge margins: 99.58464pt and 71.13188pt
Upper and lower margins: 71.13188pt and 82.91466pt
Headheight and headsep: 13.6pt and 19.8738pt
Footskip: 27.46295pt
Columnsep and columnseprule: 10pt and 0pt
Marginparsep and marginparwidth: 7pt and 101pt
Sidecapsep and sidecapwidth: 7pt and 101pt
Sidebarhsep and sidebarwidth: 7pt and 101pt
Sidebarvsep and sidebartopsep: 13.6pt and 0pt
Sidebarheight: 594.32022pt
Sidefoothsep and sidefootwidth: 7pt and 101pt
Sidefootvsep and sidefootheight: 13.6pt and 594.32022pt
******************************************************

("C:\Program Files\MiKTeX 2.9\tex\latex\hyperref\hyperref.sty"
Package: hyperref 2011/12/04 v6.82m Hypertext links for LaTeX

("C:\Program Files\MiKTeX 2.9\tex\generic\oberdiek\hobsub-hyperref.sty"
Package: hobsub-hyperref 2011/04/23 v1.4 Bundle oberdiek, subset hyperref (HO)

("C:\Program Files\MiKTeX 2.9\tex\generic\oberdiek\hobsub-generic.sty"
Package: hobsub-generic 2011/04/23 v1.4 Bundle oberdiek, subset generic (HO)
Package: hobsub 2011/04/23 v1.4 Subsetting bundle oberdiek (HO)
Package hobsub Info: Skipping package `infwarerr' (already loaded).
Package hobsub Info: Skipping package `ltxcmds' (already loaded).
Package hobsub Info: Skipping package `ifluatex' (already loaded).
Package: ifvtex 2010/03/01 v1.5 Switches for detecting VTeX and its modes (HO)
Package ifvtex Info: VTeX not detected.
Package: intcalc 2007/09/27 v1.1 Expandable integer calculations (HO)
Package hobsub Info: Skipping package `ifpdf' (already loaded).
Package: etexcmds 2011/02/16 v1.5 Prefix for e-TeX command names (HO)
Package etexcmds Info: Could not find \expanded.
(etexcmds)             That can mean that you are not using pdfTeX 1.50 or
(etexcmds)             that some package has redefined \expanded.
(etexcmds)             In the latter case, load this package earlier.
Package: kvsetkeys 2011/04/07 v1.13 Key value parser (HO)
Package: kvdefinekeys 2011/04/07 v1.3 Defining keys (HO)
Package: pdftexcmds 2011/04/22 v0.16 Utilities of pdfTeX for LuaTeX (HO)
Package pdftexcmds Info: LuaTeX not detected.
Package pdftexcmds Info: \pdf@primitive is available.
Package pdftexcmds Info: \pdf@ifprimitive is available.
Package pdftexcmds Info: \pdfdraftmode found.
Package: pdfescape 2011/04/04 v1.12 Provides string conversions (HO)
Package: bigintcalc 2011/01/30 v1.2 Expandable big integer calculations (HO)
Package: bitset 2011/01/30 v1.1 Data type bit set (HO)
Package: uniquecounter 2011/01/30 v1.2 Provides unlimited unique counter (HO)
)
Package hobsub Info: Skipping package `hobsub' (already loaded).
Package: letltxmacro 2010/09/02 v1.4 Let assignment for LaTeX macros (HO)
Package: hopatch 2011/01/30 v1.0 Wrapper for package hooks (HO)
Package: xcolor-patch 2011/01/30 xcolor patch
Package: atveryend 2011/04/23 v1.7 Hooks at very end of document (HO)
Package hobsub Info: Skipping package `atbegshi' (already loaded).
Package: refcount 2010/12/01 v3.2 Data extraction from references (HO)
Package: hycolor 2011/01/30 v1.7 Color options of hyperref/bookmark (HO)
)
("C:\Program Files\MiKTeX 2.9\tex\latex\oberdiek\kvoptions.sty"
Package: kvoptions 2010/12/23 v3.10 Keyval support for LaTeX options (HO)
)
\@linkdim=\dimen277
\Hy@linkcounter=\count346
\Hy@pagecounter=\count347

("C:\Program Files\MiKTeX 2.9\tex\latex\hyperref\pd1enc.def"
File: pd1enc.def 2011/12/04 v6.82m Hyperref: PDFDocEncoding definition (HO)
Now handling font encoding PD1 ...
... no UTF-8 mapping file for font encoding PD1
)
\Hy@SavedSpaceFactor=\count348

("C:\Program Files\MiKTeX 2.9\tex\latex\00miktex\hyperref.cfg"
File: hyperref.cfg 2002/06/06 v1.2 hyperref configuration of TeXLive
)
Package hyperref Info: Option `colorlinks' set `true' on input line 3925.
Package hyperref Info: Hyper figures OFF on input line 4046.
Package hyperref Info: Link nesting OFF on input line 4051.
Package hyperref Info: Hyper index ON on input line 4054.
Package hyperref Info: Plain pages OFF on input line 4061.
Package hyperref Info: Backreferencing OFF on input line 4066.
Package hyperref Info: Implicit mode ON; LaTeX internals redefined.
Package hyperref Info: Bookmarks ON on input line 4284.
\c@Hy@tempcnt=\count349
LaTeX Info: Redefining \url on input line 4637.
\Fld@menulength=\count350
\Field@Width=\dimen278
\Fld@charsize=\dimen279
Package hyperref Info: Hyper figures OFF on input line 5757.
Package hyperref Info: Link nesting OFF on input line 5762.
Package hyperref Info: Hyper index ON on input line 5765.
Package hyperref Info: backreferencing OFF on input line 5772.
Package hyperref Info: Link coloring ON on input line 5775.
Package hyperref Info: Link coloring with OCG OFF on input line 5782.
Package hyperref Info: PDF/A mode OFF on input line 5787.
LaTeX Info: Redefining \ref on input line 5827.
LaTeX Info: Redefining \pageref on input line 5831.
\Hy@abspage=\count351
\c@Item=\count352
\c@Hfootnote=\count353
)
("C:\Program Files\MiKTeX 2.9\tex\latex\memoir\memhfixc.sty"
Package: memhfixc 2010/08/17 v1.15 nameref/hyperref package fixes for memoir cl
ass
\c@memhycontfloat=\count354
)

Package hyperref Message: Driver (autodetected): hpdftex.

("C:\Program Files\MiKTeX 2.9\tex\latex\hyperref\hpdftex.def"
File: hpdftex.def 2011/12/04 v6.82m Hyperref driver for pdfTeX
\Fld@listcount=\count355
\c@bookmark@seq@number=\count356

("C:\Program Files\MiKTeX 2.9\tex\latex\oberdiek\rerunfilecheck.sty"
Package: rerunfilecheck 2011/04/15 v1.7 Rerun checks for auxiliary files (HO)
Package uniquecounter Info: New unique counter `rerunfilecheck' on input line 2
82.
)
\Hy@SectionHShift=\skip269
)
Package hyperref Info: Option `colorlinks' set `false' on input line 112.

("C:\Program Files\MiKTeX 2.9\tex\latex\lastpage\lastpage.sty"
Package: lastpage 2011/09/01 v1.2k Refers to last page's name (HMM; JPG)
))
("C:\Users\lewindows\Desktop\P2\LaTeX\Rapport - NIX PILLE\Rapport.aux")
LaTeX Font Info:    Checking defaults for OML/cmm/m/it on input line 3.
LaTeX Font Info:    ... okay on input line 3.
LaTeX Font Info:    Checking defaults for T1/cmr/m/n on input line 3.
LaTeX Font Info:    ... okay on input line 3.
LaTeX Font Info:    Checking defaults for OT1/cmr/m/n on input line 3.
LaTeX Font Info:    ... okay on input line 3.
LaTeX Font Info:    Checking defaults for OMS/cmsy/m/n on input line 3.
LaTeX Font Info:    ... okay on input line 3.
LaTeX Font Info:    Checking defaults for OMX/cmex/m/n on input line 3.
LaTeX Font Info:    ... okay on input line 3.
LaTeX Font Info:    Checking defaults for U/cmr/m/n on input line 3.
LaTeX Font Info:    ... okay on input line 3.
LaTeX Font Info:    Checking defaults for TS1/cmr/m/n on input line 3.
LaTeX Font Info:    ... okay on input line 3.
LaTeX Font Info:    Checking defaults for PD1/pdf/m/n on input line 3.
LaTeX Font Info:    ... okay on input line 3.

("C:\Program Files\MiKTeX 2.9\tex\context\base\supp-pdf.mkii"
[Loading MPS to PDF converter (version 2006.09.02).]
\scratchcounter=\count357
\scratchdimen=\dimen280
\scratchbox=\box54
\nofMPsegments=\count358
\nofMParguments=\count359
\everyMPshowfont=\toks37
\MPscratchCnt=\count360
\MPscratchDim=\dimen281
\MPnumerator=\count361
\makeMPintoPDFobject=\count362
\everyMPtoPDFconversion=\toks38
) ABD: EverySelectfont initializing macros
LaTeX Info: Redefining \selectfont on input line 3.
\AtBeginShipoutBox=\box55
\c@lstlisting=\count363

("C:\Program Files\MiKTeX 2.9\tex\latex\beamer\base\translator\dicts\translator
-basic-dictionary\translator-basic-dictionary-English.dict"
Dictionary: translator-basic-dictionary, Language: English 
)
("C:\Program Files\MiKTeX 2.9\tex\latex\siunitx\config\siunitx-abbreviations.cf
g"
File: siunitx-abbreviations.cfg 2012/01/26 v2.4j siunitx: Abbreviated units
) ("C:\Program Files\MiKTeX 2.9\tex\latex\siunitx\config\siunitx-binary.cfg"
File: siunitx-binary.cfg 2012/01/26 v2.4j siunitx: Binary units
)
Package hyperref Info: Link coloring OFF on input line 3.
("C:\Program Files\MiKTeX 2.9\tex\latex\hyperref\nameref.sty"
Package: nameref 2010/04/30 v2.40 Cross-referencing by name of section

("C:\Program Files\MiKTeX 2.9\tex\generic\oberdiek\gettitlestring.sty"
Package: gettitlestring 2010/12/03 v1.4 Cleanup title references (HO)
)
\c@section@level=\count364
LaTeX Info: Redefining \Ref on input line 498.
)
Redoing nameref's sectioning
Redoing nameref's label
LaTeX Info: Redefining \nameref on input line 3.
LaTeX Info: Redefining \ref on input line 3.
LaTeX Info: Redefining \pageref on input line 3.
LaTeX Info: Redefining \nameref on input line 3.
("C:\Users\lewindows\Desktop\P2\LaTeX\Rapport - NIX PILLE\Rapport.out")
("C:\Users\lewindows\Desktop\P2\LaTeX\Rapport - NIX PILLE\Rapport.out")
\@outlinefile=\write5
LaTeX Info: Redefining \Ref on input line 3.
Package lastpage Info: Please have a look at the pageslts package at
(lastpage)             http://www.ctan.org/tex-archive/ 
(lastpage)             macros/latex/contrib/pageslts/ 
(lastpage)             or
(lastpage)             http://www.ctan.org/tex-archive/ 
(lastpage)             install/macros/latex/contrib/pageslts.tds.zip
(lastpage)             ! on input line 3.
\c_siunitx_mathsf_int=\count365
LaTeX Font Info:    Try loading font information for U+msa on input line 3.

("C:\Program Files\MiKTeX 2.9\tex\latex\amsfonts\umsa.fd"
File: umsa.fd 2009/06/22 v3.00 AMS symbols A
)
LaTeX Font Info:    Try loading font information for U+msb on input line 3.

("C:\Program Files\MiKTeX 2.9\tex\latex\amsfonts\umsb.fd"
File: umsb.fd 2009/06/22 v3.00 AMS symbols B
)
LaTeX Font Info:    Try loading font information for U+stmry on input line 3.

("C:\Program Files\MiKTeX 2.9\tex\latex\stmaryrd\ustmry.fd")
\c_siunitx_mathtt_int=\count366

("C:\Users\lewindows\Desktop\P2\LaTeX\Rapport - NIX PILLE\formalia/forside.tex"
<billeder/forside.jpg, id=315, 287.0725pt x 401.5pt>
File: billeder/forside.jpg Graphic file (type jpg)

<use billeder/forside.jpg>
Package pdftex.def Info: billeder/forside.jpg used on input line 16.
(pdftex.def)             Requested size: 170.3974pt x 238.32263pt.
) [1


{C:/ProgramData/MiKTeX/2.9/pdftex/config/pdftex.map} <C:/Users/lewindows/Deskto
p/P2/LaTeX/Rapport - NIX PILLE/billeder/forside.jpg>] [2

]
("C:\Users\lewindows\Desktop\P2\LaTeX\Rapport - NIX PILLE\formalia/titelblad.te
x" <billeder/aaulogo.jpg, id=328, 213.79875pt x 35.13126pt>
File: billeder/aaulogo.jpg Graphic file (type jpg)

<use billeder/aaulogo.jpg>
Package pdftex.def Info: billeder/aaulogo.jpg used on input line 33.
(pdftex.def)             Requested size: 173.15645pt x 28.45274pt.

Overfull \hbox (29.00002pt too wide) in paragraph at lines 24--36
[][] 
 []


Underfull \hbox (badness 10000) in paragraph at lines 75--75

 []


Underfull \hbox (badness 10000) in paragraph at lines 75--75

 []


Underfull \hbox (badness 10000) in paragraph at lines 75--75

 []


Underfull \hbox (badness 10000) in paragraph at lines 75--75

 []


Overfull \hbox (28.45276pt too wide) in paragraph at lines 75--75
[]$[]$ 
 []

("C:\Users\lewindows\Desktop\P2\LaTeX\Rapport - NIX PILLE\formalia/synopsis.tex
"
Underfull \hbox (badness 1436) in paragraph at lines 1--2
[]\T1/cmr/m/n/10 This re-port con-tains doc-u-men-ta-tion of
 []

)
Underfull \hbox (badness 10000) in paragraph at lines 86--86

 []


Overfull \hbox (8.22272pt too wide) in paragraph at lines 86--86
[] 
 []


Overfull \hbox (13.33856pt too wide) in paragraph at lines 37--89
[][] 
 []


Underfull \hbox (badness 10000) in paragraph at lines 37--89

 []


Underfull \hbox (badness 10000) in paragraph at lines 37--89

 []

) [3 <C:/Users/lewindows/Desktop/P2/LaTeX/Rapport - NIX PILLE/billeder/aaulogo.
jpg>] [4

]
("C:\Users\lewindows\Desktop\P2\LaTeX\Rapport - NIX PILLE\formalia/Underskrifts
side.tex")
Underfull \hbox (badness 10000) in paragraph at lines 1--13

 []


Underfull \hbox (badness 10000) in paragraph at lines 1--13

 []


Underfull \hbox (badness 10000) in paragraph at lines 1--13

 []


Underfull \hbox (badness 10000) in paragraph at lines 1--13

 []


Underfull \hbox (badness 10000) in paragraph at lines 1--13

 []


Underfull \hbox (badness 10000) in paragraph at lines 1--13

 []


Underfull \hbox (badness 10000) in paragraph at lines 1--13

 []


Underfull \hbox (badness 10000) in paragraph at lines 1--13

 []


Underfull \hbox (badness 10000) in paragraph at lines 1--13

 []


Underfull \hbox (badness 10000) in paragraph at lines 1--13

 []


Underfull \hbox (badness 10000) in paragraph at lines 1--13

 []


Underfull \hbox (badness 10000) in paragraph at lines 1--13

 []


Underfull \hbox (badness 10000) in paragraph at lines 1--13

 []


Underfull \hbox (badness 10000) in paragraph at lines 1--13

 []


Underfull \hbox (badness 10000) in paragraph at lines 1--13

 []


Underfull \hbox (badness 10000) in paragraph at lines 1--13

 []


Underfull \hbox (badness 10000) in paragraph at lines 1--13

 []


Underfull \hbox (badness 10000) in paragraph at lines 1--13

 []


Underfull \hbox (badness 10000) in paragraph at lines 1--13

 []


Underfull \hbox (badness 10000) in paragraph at lines 1--13

 []


Underfull \hbox (badness 10000) in paragraph at lines 1--13

 []


Underfull \hbox (badness 10000) in paragraph at lines 1--13

 []


Underfull \hbox (badness 10000) in paragraph at lines 1--13

 []


Underfull \hbox (badness 10000) in paragraph at lines 1--13

 []


Underfull \hbox (badness 10000) in paragraph at lines 1--13

 []


Underfull \hbox (badness 10000) in paragraph at lines 1--13

 []


Underfull \hbox (badness 10000) in paragraph at lines 1--13

 []


Underfull \hbox (badness 10000) in paragraph at lines 1--13

 []


Underfull \hbox (badness 10000) in paragraph at lines 1--13

 []

[5] [6

]
("C:\Users\lewindows\Desktop\P2\LaTeX\Rapport - NIX PILLE\formalia/prolog.tex"
("C:\Program Files\MiKTeX 2.9\tex\latex\psnfss\t1pbk.fd")) [7

] [8

]
("C:\Users\lewindows\Desktop\P2\LaTeX\Rapport - NIX PILLE\Rapport.toc" [9])
[10]
("C:\Users\lewindows\Desktop\P2\LaTeX\Rapport - NIX PILLE\formalia/intro.tex")
[1


] [2

]
("C:\Users\lewindows\Desktop\P2\LaTeX\Rapport - NIX PILLE\indhold/problem/Probl
emAnalysisIntro.tex")
("C:\Users\lewindows\Desktop\P2\LaTeX\Rapport - NIX PILLE\indhold/problem/probl
em.tex" [3] [4])
("C:\Users\lewindows\Desktop\P2\LaTeX\Rapport - NIX PILLE\indhold/problem/Lugga
geRules.tex" [5] [6])
("C:\Users\lewindows\Desktop\P2\LaTeX\Rapport - NIX PILLE\indhold/problem/Lugga
geAllowance.tex" [7])
("C:\Users\lewindows\Desktop\P2\LaTeX\Rapport - NIX PILLE\indhold/problem/solut
iononthemarked.tex" <billeder/Iphone.JPG, id=546, 486.31688pt x 367.3725pt>
File: billeder/Iphone.JPG Graphic file (type jpg)

<use billeder/Iphone.JPG>
Package pdftex.def Info: billeder/Iphone.JPG used on input line 13.
(pdftex.def)             Requested size: 340.8013pt x 257.44487pt.

Underfull \vbox (badness 10000) has occurred while \output is active []

 [8]
[9 <C:/Users/lewindows/Desktop/P2/LaTeX/Rapport - NIX PILLE/billeder/Iphone.JPG
>] <billeder/shippingcalculator.JPG, id=572, 761.84625pt x 490.08093pt>
File: billeder/shippingcalculator.JPG Graphic file (type jpg)

<use billeder/shippingcalculator.JPG>
Package pdftex.def Info: billeder/shippingcalculator.JPG used on input line 52.

(pdftex.def)             Requested size: 255.6026pt x 164.4193pt.

Underfull \vbox (badness 2653) has occurred while \output is active []

 [10 <C:/Users/lewindows/Desktop/P2/LaTeX/Rapport - NIX PILLE/billeder/shipping
calculator.JPG>])
("C:\Users\lewindows\Desktop\P2\LaTeX\Rapport - NIX PILLE\indhold/problem/thesi
sstatement.tex" [11])
("C:\Users\lewindows\Desktop\P2\LaTeX\Rapport - NIX PILLE\indhold/problem/metho
d.tex" [12]) [13] [14

]
("C:\Users\lewindows\Desktop\P2\LaTeX\Rapport - NIX PILLE\indhold/theory/Introd
uctiontheory.tex")
("C:\Users\lewindows\Desktop\P2\LaTeX\Rapport - NIX PILLE\indhold/theory/Knapsa
ckproblem.tex")
("C:\Users\lewindows\Desktop\P2\LaTeX\Rapport - NIX PILLE\indhold/theory/BinPac
kingProblem.tex" [15] <billeder/initial.png, id=642, 287.0725pt x 83.31125pt>
File: billeder/initial.png Graphic file (type png)

<use billeder/initial.png>
Package pdftex.def Info: billeder/initial.png used on input line 7.
(pdftex.def)             Requested size: 298.1987pt x 86.54248pt.
 <billeder/ff.png, id=646, 287.0725pt x 83.31125pt>
File: billeder/ff.png Graphic file (type png)

<use billeder/ff.png>
Package pdftex.def Info: billeder/ff.png used on input line 13.
(pdftex.def)             Requested size: 298.1987pt x 86.54248pt.
 <billeder/bf.png, id=650, 287.0725pt x 83.31125pt>
File: billeder/bf.png Graphic file (type png)

<use billeder/bf.png>
Package pdftex.def Info: billeder/bf.png used on input line 17.
(pdftex.def)             Requested size: 298.1987pt x 86.54248pt.
 [16 <C:/Users/lewindows/Desktop/P2/LaTeX/Rapport - NIX PILLE/billeder/initial.
png> <C:/Users/lewindows/Desktop/P2/LaTeX/Rapport - NIX PILLE/billeder/ff.png>]
 <billeder/lf.png, id=665, 287.0725pt x 83.31125pt>
File: billeder/lf.png Graphic file (type png)

<use billeder/lf.png>
Package pdftex.def Info: billeder/lf.png used on input line 21.
(pdftex.def)             Requested size: 298.1987pt x 86.54248pt.
 <billeder/wf.png, id=669, 287.0725pt x 83.31125pt>
File: billeder/wf.png Graphic file (type png)

<use billeder/wf.png>
Package pdftex.def Info: billeder/wf.png used on input line 25.
(pdftex.def)             Requested size: 298.1987pt x 86.54248pt.
 <billeder/awf.png, id=673, 287.0725pt x 83.31125pt>
File: billeder/awf.png Graphic file (type png)

<use billeder/awf.png>
Package pdftex.def Info: billeder/awf.png used on input line 29.
(pdftex.def)             Requested size: 298.1987pt x 86.54248pt.
 [17 <C:/Users/lewindows/Desktop/P2/LaTeX/Rapport - NIX PILLE/billeder/bf.png> 
<C:/Users/lewindows/Desktop/P2/LaTeX/Rapport - NIX PILLE/billeder/lf.png> <C:/U
sers/lewindows/Desktop/P2/LaTeX/Rapport - NIX PILLE/billeder/wf.png>]) [18 <C:/
Users/lewindows/Desktop/P2/LaTeX/Rapport - NIX PILLE/billeder/awf.png>]
("C:\Users\lewindows\Desktop\P2\LaTeX\Rapport - NIX PILLE\indhold/design/Introd
uctiondesign.tex")
("C:\Users\lewindows\Desktop\P2\LaTeX\Rapport - NIX PILLE\indhold/design/Specif
icationrequirement.tex" [19

]
Underfull \hbox (badness 10000) in paragraph at lines 26--27

 []

[20]
Underfull \hbox (badness 10000) in paragraph at lines 63--64

 []

)
("C:\Users\lewindows\Desktop\P2\LaTeX\Rapport - NIX PILLE\indhold/design/partne
ranalysis.tex" [21])
("C:\Users\lewindows\Desktop\P2\LaTeX\Rapport - NIX PILLE\indhold/design/Soluti
onsuggestions.tex" [22])
("C:\Users\lewindows\Desktop\P2\LaTeX\Rapport - NIX PILLE\indhold/design/ThePac
kingAlgorithm.tex"
Underfull \vbox (badness 1275) has occurred while \output is active []

 [23]
Underfull \hbox (badness 10000) in paragraph at lines 18--22

 []

<billeder/FlowOfAlgorithmTheory.jpg, id=738, 320.8788pt x 746.91045pt>
File: billeder/FlowOfAlgorithmTheory.jpg Graphic file (type jpg)

<use billeder/FlowOfAlgorithmTheory.jpg>
Package pdftex.def Info: billeder/FlowOfAlgorithmTheory.jpg used on input line 
30.
(pdftex.def)             Requested size: 298.1987pt x 694.11807pt.
 [24]
Overfull \vbox (32.44641pt too high) has occurred while \output is active []


[25 <C:/Users/lewindows/Desktop/P2/LaTeX/Rapport - NIX PILLE/billeder/FlowOfAlg
orithmTheory.jpg>])
("C:\Users\lewindows\Desktop\P2\LaTeX\Rapport - NIX PILLE\indhold/design/progra
mplanning.tex" [26]
<billeder/FlowOfProgram.jpg, id=769, 267.399pt x 329.0694pt>
File: billeder/FlowOfProgram.jpg Graphic file (type jpg)

<use billeder/FlowOfProgram.jpg>
Package pdftex.def Info: billeder/FlowOfProgram.jpg used on input line 13.
(pdftex.def)             Requested size: 298.1987pt x 367.00365pt.

Underfull \vbox (badness 10000) has occurred while \output is active []

 [27 <C:/Users/lewindows/Desktop/P2/LaTeX/Rapport - NIX PILLE/billeder/FlowOfPr
ogram.jpg>]
Underfull \hbox (badness 10000) in paragraph at lines 55--55

 []


Underfull \hbox (badness 10000) in paragraph at lines 55--55

 []


Underfull \hbox (badness 10000) in paragraph at lines 55--55

 []


Underfull \hbox (badness 10000) in paragraph at lines 55--55

 []


Overfull \hbox (30.79999pt too wide) in paragraph at lines 55--56
 [][] 
 []

)
("C:\Users\lewindows\Desktop\P2\LaTeX\Rapport - NIX PILLE\indhold/design/sketch
description.tex" <billeder/Skitse1.png, id=781, 693.792pt x 390.258pt>
File: billeder/Skitse1.png Graphic file (type png)

<use billeder/Skitse1.png>
Package pdftex.def Info: billeder/Skitse1.png used on input line 8.
(pdftex.def)             Requested size: 383.3974pt x 215.66083pt.

Underfull \vbox (badness 10000) has occurred while \output is active []

 [28]
<billeder/Skitse2.png, id=789, 693.792pt x 390.258pt>
File: billeder/Skitse2.png Graphic file (type png)

<use billeder/Skitse2.png>
Package pdftex.def Info: billeder/Skitse2.png used on input line 14.
(pdftex.def)             Requested size: 383.3974pt x 215.66083pt.
 [29 <C:/Users/lewindows/Desktop/P2/LaTeX/Rapport - NIX PILLE/billeder/Skitse1.
png> <C:/Users/lewindows/Desktop/P2/LaTeX/Rapport - NIX PILLE/billeder/Skitse2.
png>]
<billeder/Skitse3.png, id=799, 693.792pt x 390.258pt>
File: billeder/Skitse3.png Graphic file (type png)

<use billeder/Skitse3.png>
Package pdftex.def Info: billeder/Skitse3.png used on input line 20.
(pdftex.def)             Requested size: 383.3974pt x 215.66083pt.

<billeder/1skitsedone.jpg, id=802, 803.25093pt x 504.38437pt>
File: billeder/1skitsedone.jpg Graphic file (type jpg)

<use billeder/1skitsedone.jpg>
Package pdftex.def Info: billeder/1skitsedone.jpg used on input line 27.
(pdftex.def)             Requested size: 383.3974pt x 240.7549pt.

Underfull \vbox (badness 10000) has occurred while \output is active []

 [30 <C:/Users/lewindows/Desktop/P2/LaTeX/Rapport - NIX PILLE/billeder/Skitse3.
png>]
<billeder/2skitsedone.jpg, id=811, 640.794pt x 411.33675pt>
File: billeder/2skitsedone.jpg Graphic file (type jpg)

<use billeder/2skitsedone.jpg>
Package pdftex.def Info: billeder/2skitsedone.jpg used on input line 32.
(pdftex.def)             Requested size: 383.3974pt x 246.11354pt.

<billeder/3skitsedone.jpg, id=813, 640.19176pt x 392.667pt>
File: billeder/3skitsedone.jpg Graphic file (type jpg)

<use billeder/3skitsedone.jpg>
Package pdftex.def Info: billeder/3skitsedone.jpg used on input line 36.
(pdftex.def)             Requested size: 383.3974pt x 235.15863pt.
 [31 <C:/Users/lewindows/Desktop/P2/LaTeX/Rapport - NIX PILLE/billeder/1skitsed
one.jpg> <C:/Users/lewindows/Desktop/P2/LaTeX/Rapport - NIX PILLE/billeder/2ski
tsedone.jpg>]
<billeder/4skitsedone.jpg, id=822, 800.9925pt x 503.63156pt>
File: billeder/4skitsedone.jpg Graphic file (type jpg)

<use billeder/4skitsedone.jpg>
Package pdftex.def Info: billeder/4skitsedone.jpg used on input line 40.
(pdftex.def)             Requested size: 383.3974pt x 241.06413pt.
 [32 <C:/Users/lewindows/Desktop/P2/LaTeX/Rapport - NIX PILLE/billeder/3skitsed
one.jpg> <C:/Users/lewindows/Desktop/P2/LaTeX/Rapport - NIX PILLE/billeder/4ski
tsedone.jpg>]
<billeder/5skitsedone.jpg, id=831, 803.25093pt x 500.62032pt>
File: billeder/5skitsedone.jpg Graphic file (type jpg)

<use billeder/5skitsedone.jpg>
Package pdftex.def Info: billeder/5skitsedone.jpg used on input line 44.
(pdftex.def)             Requested size: 383.3974pt x 238.95822pt.

<billeder/6skitsedone.jpg, id=833, 642.60075pt x 390.258pt>
File: billeder/6skitsedone.jpg Graphic file (type jpg)

<use billeder/6skitsedone.jpg>
Package pdftex.def Info: billeder/6skitsedone.jpg used on input line 48.
(pdftex.def)             Requested size: 383.3974pt x 232.84058pt.

Underfull \vbox (badness 3312) has occurred while \output is active []

 [33 <C:/Users/lewindows/Desktop/P2/LaTeX/Rapport - NIX PILLE/billeder/5skitsed
one.jpg> <C:/Users/lewindows/Desktop/P2/LaTeX/Rapport - NIX PILLE/billeder/6ski
tsedone.jpg>] <billeder/7askitsedone.jpg, id=843, 643.80525pt x 386.04225pt>
File: billeder/7askitsedone.jpg Graphic file (type jpg)

<use billeder/7askitsedone.jpg>
Package pdftex.def Info: billeder/7askitsedone.jpg used on input line 52.
(pdftex.def)             Requested size: 383.3974pt x 229.90121pt.

<billeder/7bskitse.jpg, id=845, 693.792pt x 433.62pt>
File: billeder/7bskitse.jpg Graphic file (type jpg)

<use billeder/7bskitse.jpg>
Package pdftex.def Info: billeder/7bskitse.jpg used on input line 56.
(pdftex.def)             Requested size: 383.3974pt x 239.62315pt.
 [34 <C:/Users/lewindows/Desktop/P2/LaTeX/Rapport - NIX PILLE/billeder/7askitse
done.jpg> <C:/Users/lewindows/Desktop/P2/LaTeX/Rapport - NIX PILLE/billeder/7bs
kitse.jpg>]
<billeder/8skitse.jpg, id=854, 278.2395pt x 201.75375pt>
File: billeder/8skitse.jpg Graphic file (type jpg)

<use billeder/8skitse.jpg>
Package pdftex.def Info: billeder/8skitse.jpg used on input line 60.
(pdftex.def)             Requested size: 170.3974pt x 123.556pt.
) [35 <C:/Users/lewindows/Desktop/P2/LaTeX/Rapport - NIX PILLE/billeder/8skitse
.jpg>] [36

]
("C:\Users\lewindows\Desktop\P2\LaTeX\Rapport - NIX PILLE\indhold/development/d
evelopmentintro.tex")
("C:\Users\lewindows\Desktop\P2\LaTeX\Rapport - NIX PILLE\indhold/design/GUIdes
cription.tex" <billeder/Mainwindow.jpg, id=868, 411.78844pt x 350.81062pt>
File: billeder/Mainwindow.jpg Graphic file (type jpg)

<use billeder/Mainwindow.jpg>
Package pdftex.def Info: billeder/Mainwindow.jpg used on input line 6.
(pdftex.def)             Requested size: 340.8013pt x 290.33768pt.
 [37 <C:/Users/lewindows/Desktop/P2/LaTeX/Rapport - NIX PILLE/billeder/Mainwind
ow.jpg>]
<billeder/ManageItems.jpg, id=876, 542.77782pt x 350.05782pt>
File: billeder/ManageItems.jpg Graphic file (type jpg)

<use billeder/ManageItems.jpg>
Package pdftex.def Info: billeder/ManageItems.jpg used on input line 12.
(pdftex.def)             Requested size: 340.8013pt x 219.8058pt.

<billeder/ManageSuitcase.jpg, id=879, 551.05875pt x 350.05782pt>
File: billeder/ManageSuitcase.jpg Graphic file (type jpg)

<use billeder/ManageSuitcase.jpg>
Package pdftex.def Info: billeder/ManageSuitcase.jpg used on input line 15.
(pdftex.def)             Requested size: 340.8013pt x 216.49945pt.

Underfull \vbox (badness 10000) has occurred while \output is active []

 [38 <C:/Users/lewindows/Desktop/P2/LaTeX/Rapport - NIX PILLE/billeder/ManageIt
ems.jpg>]
<billeder/About.jpg, id=888, 289.08pt x 228.855pt>
File: billeder/About.jpg Graphic file (type jpg)
 <use billeder/About.jpg>
Package pdftex.def Info: billeder/About.jpg used on input line 18.
(pdftex.def)             Requested size: 213.0pt x 168.62369pt.

<billeder/AddItem.jpg, id=890, 265.74281pt x 249.93375pt>
File: billeder/AddItem.jpg Graphic file (type jpg)

<use billeder/AddItem.jpg>
Package pdftex.def Info: billeder/AddItem.jpg used on input line 21.
(pdftex.def)             Requested size: 213.0pt x 200.33244pt.

Underfull \vbox (badness 10000) has occurred while \output is active []

 [39 <C:/Users/lewindows/Desktop/P2/LaTeX/Rapport - NIX PILLE/billeder/ManageSu
itcase.jpg> <C:/Users/lewindows/Desktop/P2/LaTeX/Rapport - NIX PILLE/billeder/A
bout.jpg>]
<billeder/AddSuitcase.jpg, id=901, 197.98969pt x 249.93375pt>
File: billeder/AddSuitcase.jpg Graphic file (type jpg)

<use billeder/AddSuitcase.jpg>
Package pdftex.def Info: billeder/AddSuitcase.jpg used on input line 24.
(pdftex.def)             Requested size: 127.8013pt x 161.33379pt.

<billeder/EditItem.jpg, id=905, 169.38281pt x 250.68657pt>
File: billeder/EditItem.jpg Graphic file (type jpg)

<use billeder/EditItem.jpg>
Package pdftex.def Info: billeder/EditItem.jpg used on input line 27.
(pdftex.def)             Requested size: 127.8013pt x 189.15053pt.
 [40 <C:/Users/lewindows/Desktop/P2/LaTeX/Rapport - NIX PILLE/billeder/AddItem.
jpg> <C:/Users/lewindows/Desktop/P2/LaTeX/Rapport - NIX PILLE/billeder/AddSuitc
ase.jpg>]
<billeder/EditSuitcase.jpg, id=914, 191.21437pt x 274.77657pt>
File: billeder/EditSuitcase.jpg Graphic file (type jpg)

<use billeder/EditSuitcase.jpg>
Package pdftex.def Info: billeder/EditSuitcase.jpg used on input line 30.
(pdftex.def)             Requested size: 127.8013pt x 183.65071pt.

<billeder/frm3DViewer2.jpg, id=917, 548.0475pt x 398.23781pt>
File: billeder/frm3DViewer2.jpg Graphic file (type jpg)

<use billeder/frm3DViewer2.jpg>
Package pdftex.def Info: billeder/frm3DViewer2.jpg used on input line 39.
(pdftex.def)             Requested size: 255.6026pt x 185.7377pt.
 [41 <C:/Users/lewindows/Desktop/P2/LaTeX/Rapport - NIX PILLE/billeder/EditItem
.jpg> <C:/Users/lewindows/Desktop/P2/LaTeX/Rapport - NIX PILLE/billeder/EditSui
tcase.jpg>])
("C:\Users\lewindows\Desktop\P2\LaTeX\Rapport - NIX PILLE\indhold/development/H
owTheProgramHandlesForms.tex" [42 <C:/Users/lewindows/Desktop/P2/LaTeX/Rapport 
- NIX PILLE/billeder/frm3DViewer2.jpg>]
("C:\Users\lewindows\Desktop\P2\LaTeX\Rapport - NIX PILLE\kode/open3dform.txt")

("C:\Users\lewindows\Desktop\P2\LaTeX\Rapport - NIX PILLE\kode/frm3DViewerhowis
inputshandled.txt"))
("C:\Users\lewindows\Desktop\P2\LaTeX\Rapport - NIX PILLE\indhold/development/T
hePackingAlgorithmCode.tex" [43]
("C:\Users\lewindows\Desktop\P2\LaTeX\Rapport - NIX PILLE\kode/RotateLug.txt"
[44])
("C:\Users\lewindows\Desktop\P2\LaTeX\Rapport - NIX PILLE\kode/AvgWeight.txt")
[45]
("C:\Users\lewindows\Desktop\P2\LaTeX\Rapport - NIX PILLE\kode/CheckForFit.txt"
) [46]
("C:\Users\lewindows\Desktop\P2\LaTeX\Rapport - NIX PILLE\kode/ErrorMessage.txt
") <billeder/FlowOfAlgorithmFull.jpg, id=1054, 506.73315pt x 775.57755pt>
File: billeder/FlowOfAlgorithmFull.jpg Graphic file (type jpg)

<use billeder/FlowOfAlgorithmFull.jpg>
Package pdftex.def Info: billeder/FlowOfAlgorithmFull.jpg used on input line 41
.
(pdftex.def)             Requested size: 426.0pt x 652.02509pt.
)
("C:\Users\lewindows\Desktop\P2\LaTeX\Rapport - NIX PILLE\indhold/development/C
olorGiver.tex"
Underfull \vbox (badness 10000) has occurred while \output is active []

 [47]
Underfull \vbox (badness 10000) has occurred while \output is active []

 [48 <C:/Users/lewindows/Desktop/P2/LaTeX/Rapport - NIX PILLE/billeder/FlowOfAl
gorithmFull.jpg>]
("C:\Users\lewindows\Desktop\P2\LaTeX\Rapport - NIX PILLE\kode/ColorGiverListin
g1.txt") [49]
("C:\Users\lewindows\Desktop\P2\LaTeX\Rapport - NIX PILLE\kode/ColorGiverListin
g2.txt")
("C:\Users\lewindows\Desktop\P2\LaTeX\Rapport - NIX PILLE\kode/ColorGiverListin
g3.txt") [50]
("C:\Users\lewindows\Desktop\P2\LaTeX\Rapport - NIX PILLE\kode/ColorGiverListin
g4.txt"))
("C:\Users\lewindows\Desktop\P2\LaTeX\Rapport - NIX PILLE\indhold/development/H
owTheProgramHandles3D.tex" [51]
("C:\Users\lewindows\Desktop\P2\LaTeX\Rapport - NIX PILLE\kode/Shape3DRotate.tx
t")
("C:\Users\lewindows\Desktop\P2\LaTeX\Rapport - NIX PILLE\kode/makephatfunction
.txt" [52])
("C:\Users\lewindows\Desktop\P2\LaTeX\Rapport - NIX PILLE\kode/polygondraw.txt.
txt.txt.txt.txt.txt" [53])
("C:\Users\lewindows\Desktop\P2\LaTeX\Rapport - NIX PILLE\kode/PolygonScaleSize
.txt"))
("C:\Users\lewindows\Desktop\P2\LaTeX\Rapport - NIX PILLE\indhold/development/F
unctionDrawCubes.tex" [54]
Underfull \vbox (badness 10000) has occurred while \output is active []

 [55]
("C:\Users\lewindows\Desktop\P2\LaTeX\Rapport - NIX PILLE\kode/CreateSideCubeVe
cOne.txt") <billeder/3.PNG, id=1253, 447.17062pt x 311.66437pt>
File: billeder/3.PNG Graphic file (type png)

<use billeder/3.PNG>
Package pdftex.def Info: billeder/3.PNG used on input line 31.
(pdftex.def)             Requested size: 298.1987pt x 207.83914pt.

("C:\Users\lewindows\Desktop\P2\LaTeX\Rapport - NIX PILLE\kode/CreateSideCubeVe
cTwo.txt") <billeder/4.PNG, id=1256, 445.665pt x 311.66437pt>
File: billeder/4.PNG Graphic file (type png)

<use billeder/4.PNG>
Package pdftex.def Info: billeder/4.PNG used on input line 41.
(pdftex.def)             Requested size: 298.1987pt x 208.53821pt.
 [56 <C:/Users/lewindows/Desktop/P2/LaTeX/Rapport - NIX PILLE/billeder/3.PNG>]
("C:\Users\lewindows\Desktop\P2\LaTeX\Rapport - NIX PILLE\kode/CreateSideCubeVe
cThree.txt") <billeder/5.PNG, id=1272, 445.665pt x 311.66437pt>
File: billeder/5.PNG Graphic file (type png)

<use billeder/5.PNG>
Package pdftex.def Info: billeder/5.PNG used on input line 49.
(pdftex.def)             Requested size: 298.1987pt x 208.53821pt.

Underfull \vbox (badness 10000) has occurred while \output is active []

 [57 <C:/Users/lewindows/Desktop/P2/LaTeX/Rapport - NIX PILLE/billeder/4.PNG>]
("C:\Users\lewindows\Desktop\P2\LaTeX\Rapport - NIX PILLE\kode/CreateSideCubeVe
cFour.txt") <billeder/6.PNG, id=1287, 445.665pt x 311.66437pt>
File: billeder/6.PNG Graphic file (type png)

<use billeder/6.PNG>
Package pdftex.def Info: billeder/6.PNG used on input line 57.
(pdftex.def)             Requested size: 298.1987pt x 208.53821pt.
 <billeder/7.PNG, id=1289, 445.665pt x 311.66437pt>
File: billeder/7.PNG Graphic file (type png)

<use billeder/7.PNG>
Package pdftex.def Info: billeder/7.PNG used on input line 61.
(pdftex.def)             Requested size: 298.1987pt x 208.53821pt.
 [58 <C:/Users/lewindows/Desktop/P2/LaTeX/Rapport - NIX PILLE/billeder/5.PNG> <
C:/Users/lewindows/Desktop/P2/LaTeX/Rapport - NIX PILLE/billeder/6.PNG>]
("C:\Users\lewindows\Desktop\P2\LaTeX\Rapport - NIX PILLE\kode/AddVecToPolyArra
y.txt"))
("C:\Users\lewindows\Desktop\P2\LaTeX\Rapport - NIX PILLE\indhold/development/F
unctionRotateWithMouse.tex" [59 <C:/Users/lewindows/Desktop/P2/LaTeX/Rapport - 
NIX PILLE/billeder/7.PNG>]
("C:\Users\lewindows\Desktop\P2\LaTeX\Rapport - NIX PILLE\kode/mouserotate.txt"
))
("C:\Users\lewindows\Desktop\P2\LaTeX\Rapport - NIX PILLE\indhold/development/F
ileSerializerFunction.tex"
("C:\Users\lewindows\Desktop\P2\LaTeX\Rapport - NIX PILLE\kode/FileSerializer1.
txt" [60])
("C:\Users\lewindows\Desktop\P2\LaTeX\Rapport - NIX PILLE\kode/FileSerializer2.
txt"))
("C:\Users\lewindows\Desktop\P2\LaTeX\Rapport - NIX PILLE\indhold/development/i
nstructiondescription.tex") [61] [62

]
("C:\Users\lewindows\Desktop\P2\LaTeX\Rapport - NIX PILLE\indhold/testing/testI
ntro.tex")
("C:\Users\lewindows\Desktop\P2\LaTeX\Rapport - NIX PILLE\indhold/testing/Tests
.tex"
Underfull \vbox (badness 10000) has occurred while \output is active []

 [63]
[64])
("C:\Users\lewindows\Desktop\P2\LaTeX\Rapport - NIX PILLE\indhold/testing/unitt
est.tex"
("C:\Users\lewindows\Desktop\P2\LaTeX\Rapport - NIX PILLE\kode/unittest.txt")

LaTeX Warning: Reference `lst:unittest' on page 65 undefined on input line 5.

) [65] [66

]
("C:\Users\lewindows\Desktop\P2\LaTeX\Rapport - NIX PILLE\indhold/discussion/Di
scussionIntro.tex")
("C:\Users\lewindows\Desktop\P2\LaTeX\Rapport - NIX PILLE\indhold/discussion/Di
scussion.tex" [67])
("C:\Users\lewindows\Desktop\P2\LaTeX\Rapport - NIX PILLE\indhold/discussion/Pe
rspectivation.tex" [68]) [69] [70

]
("C:\Users\lewindows\Desktop\P2\LaTeX\Rapport - NIX PILLE\formalia/Conclusion.t
ex") ("C:\Users\lewindows\Desktop\P2\LaTeX\Rapport - NIX PILLE\Rapport.bbl"
[71] [72

] [73]
Overfull \hbox (32.43227pt too wide) in paragraph at lines 135--141
$\T1/cmtt/m/n/10.95 after-[]attacks-[]airport-[]security-[]faa-[]announces-[]st
ricter-[]rules-[]knives-[]no-[]longer .$ 
 []

) [74]
("C:\Users\lewindows\Desktop\P2\LaTeX\Rapport - NIX PILLE\appendix/forslag.tex"
[75


])
("C:\Users\lewindows\Desktop\P2\LaTeX\Rapport - NIX PILLE\appendix/mindmap.tex"
[76] <billeder/mindmap.png, id=1496, 328.8285pt x 478.78876pt>
File: billeder/mindmap.png Graphic file (type png)

<use billeder/mindmap.png>
Package pdftex.def Info: billeder/mindmap.png used on input line 3.
(pdftex.def)             Requested size: 298.1987pt x 434.20808pt.
)
("C:\Users\lewindows\Desktop\P2\LaTeX\Rapport - NIX PILLE\appendix/Questionnair
e.tex" [77

 <C:/Users/lewindows/Desktop/P2/LaTeX/Rapport - NIX PILLE/billeder/mindmap.png>
] [78

])
("C:\Users\lewindows\Desktop\P2\LaTeX\Rapport - NIX PILLE\appendix/cdappendix.t
ex" [79] [80

]) 
AED: lastpage setting LastPage
[81]
\tf@toc=\write6
Package atveryend Info: Empty hook `BeforeClearDocument' on input line 123.
Package atveryend Info: Empty hook `AfterLastShipout' on input line 123.
 ("C:\Users\lewindows\Desktop\P2\LaTeX\Rapport - NIX PILLE\Rapport.aux")
Package atveryend Info: Executing hook `AtVeryEndDocument' on input line 123.
Package atveryend Info: Executing hook `AtEndAfterFileList' on input line 123.
Package rerunfilecheck Info: File `Rapport.out' has not changed.
(rerunfilecheck)             Checksum: D978729984D0CFA160AA8447C15D5743;5267.


LaTeX Warning: There were undefined references.

 ) 
Here is how much of TeX's memory you used:
 24279 strings out of 494045
 428799 string characters out of 3148375
 578152 words of memory out of 3000000
 26417 multiletter control sequences out of 15000+200000
 26098 words of font info for 67 fonts, out of 3000000 for 9000
 718 hyphenation exceptions out of 8191
 40i,20n,60p,1705b,2327s stack positions out of 5000i,500n,10000p,200000b,50000s
 <C:\Users\lewindows\AppData\Local\MiKTeX\2.9\fonts\pk\ljfour\jknappen\ec\dpi
657\ectt1000.pk> <C:\Users\lewindows\AppData\Local\MiKTeX\2.9\fonts\pk\ljfour\j
knappen\ec\dpi600\ectt0900.pk> <C:\Users\lewindows\AppData\Local\MiKTeX\2.9\fon
ts\pk\ljfour\jknappen\ec\dpi600\ecrm0900.pk> <C:\Users\lewindows\AppData\Local\
MiKTeX\2.9\fonts\pk\ljfour\jknappen\ec\dpi657\tcrm1000.pk> <C:\Users\lewindows\
AppData\Local\MiKTeX\2.9\fonts\pk\ljfour\jknappen\ec\dpi600\ecbx1200.pk> <C:\Us
ers\lewindows\AppData\Local\MiKTeX\2.9\fonts\pk\ljfour\jknappen\ec\dpi720\ecbx1
200.pk>{C:/Program Files/MiKTeX 2.9/fonts/enc/dvips/fontname/8r.enc} <C:\Users\
lewindows\AppData\Local\MiKTeX\2.9\fonts\pk\ljfour\jknappen\ec\dpi657\ecbx1000.
pk> <C:\Users\lewindows\AppData\Local\MiKTeX\2.9\fonts\pk\ljfour\jknappen\ec\dp
i657\ecti1000.pk> <C:\Users\lewindows\AppData\Local\MiKTeX\2.9\fonts\pk\ljfour\
jknappen\ec\dpi600\ecti0900.pk> <C:\Users\lewindows\AppData\Local\MiKTeX\2.9\fo
nts\pk\ljfour\jknappen\ec\dpi600\ecrm1000.pk> <C:\Users\lewindows\AppData\Local
\MiKTeX\2.9\fonts\pk\ljfour\jknappen\ec\dpi600\ecbx1000.pk> <C:\Users\lewindows
\AppData\Local\MiKTeX\2.9\fonts\pk\ljfour\jknappen\ec\dpi657\ecrm1000.pk> <C:\U
sers\lewindows\AppData\Local\MiKTeX\2.9\fonts\pk\ljfour\jknappen\ec\dpi720\eccc
1200.pk> <C:\Users\lewindows\AppData\Local\MiKTeX\2.9\fonts\pk\ljfour\jknappen\
ec\dpi657\ecsl1000.pk><C:/Program Files/MiKTeX 2.9/fonts/type1/public/amsfonts/
cm/cmex10.pfb><C:/Program Files/MiKTeX 2.9/fonts/type1/public/amsfonts/cm/cmmi1
0.pfb><C:/Program Files/MiKTeX 2.9/fonts/type1/public/amsfonts/cm/cmmi8.pfb><C:
/Program Files/MiKTeX 2.9/fonts/type1/public/amsfonts/cm/cmr10.pfb><C:/Program 
Files/MiKTeX 2.9/fonts/type1/public/amsfonts/cm/cmr8.pfb><C:/Program Files/MiKT
eX 2.9/fonts/type1/public/amsfonts/cm/cmsy10.pfb><C:/Program Files/MiKTeX 2.9/f
onts/type1/public/amsfonts/latxfont/lcircle1.pfb><C:/Program Files/MiKTeX 2.9/f
onts/type1/urw/bookman/ubkd8a.pfb><C:/Program Files/MiKTeX 2.9/fonts/type1/urw/
bookman/ubkl8a.pfb>
Output written on Rapport.pdf (91 pages, 6139958 bytes).
PDF statistics:
 2331 PDF objects out of 2487 (max. 8388607)
 540 named destinations out of 1000 (max. 500000)
 825 words of extra memory for PDF output out of 10000 (max. 10000000)

