\BOOKMARK [0][-]{chapter*.1}{Prolog}{}% 1
\BOOKMARK [0][-]{chapter.1}{Introduction}{}% 2
\BOOKMARK [0][-]{chapter.2}{Problem Analysis}{}% 3
\BOOKMARK [1][-]{section.2.1}{Problem with Packing a Suitcase}{chapter.2}% 4
\BOOKMARK [2][-]{subsection.2.1.1}{Packing}{section.2.1}% 5
\BOOKMARK [1][-]{section.2.2}{Luggage rules}{chapter.2}% 6
\BOOKMARK [2][-]{subsection.2.2.1}{Luggage table}{section.2.2}% 7
\BOOKMARK [2][-]{subsection.2.2.2}{Charter Trips on Air Planes}{section.2.2}% 8
\BOOKMARK [2][-]{subsection.2.2.3}{Rules on Trains}{section.2.2}% 9
\BOOKMARK [2][-]{subsection.2.2.4}{Rules on cruise ships}{section.2.2}% 10
\BOOKMARK [2][-]{subsection.2.2.5}{Summing up}{section.2.2}% 11
\BOOKMARK [1][-]{section.2.3}{Luggage Allowance}{chapter.2}% 12
\BOOKMARK [1][-]{section.2.4}{Solutions on the Market}{chapter.2}% 13
\BOOKMARK [2][-]{subsection.2.4.1}{App - Packing Pro}{section.2.4}% 14
\BOOKMARK [2][-]{subsection.2.4.2}{Online check/tip list}{section.2.4}% 15
\BOOKMARK [2][-]{subsection.2.4.3}{The e-Commerce shipping calculator}{section.2.4}% 16
\BOOKMARK [2][-]{subsection.2.4.4}{Summing Up}{section.2.4}% 17
\BOOKMARK [1][-]{section.2.5}{Problem Statement}{chapter.2}% 18
\BOOKMARK [2][-]{subsection.2.5.1}{Sub Statements}{section.2.5}% 19
\BOOKMARK [1][-]{section.2.6}{Method}{chapter.2}% 20
\BOOKMARK [0][-]{chapter.3}{Theory}{}% 21
\BOOKMARK [1][-]{section.3.1}{Knapsack Problems}{chapter.3}% 22
\BOOKMARK [1][-]{section.3.2}{Bin Packing Problem}{chapter.3}% 23
\BOOKMARK [2][-]{subsection.3.2.1}{First Fit \(FF\)}{section.3.2}% 24
\BOOKMARK [2][-]{subsection.3.2.2}{Best Fit \(BF\)}{section.3.2}% 25
\BOOKMARK [2][-]{subsection.3.2.3}{Last Fit \(LF\)}{section.3.2}% 26
\BOOKMARK [2][-]{subsection.3.2.4}{Worst Fit \(WF\)}{section.3.2}% 27
\BOOKMARK [2][-]{subsection.3.2.5}{Almost Worst Fit \(AWF\)}{section.3.2}% 28
\BOOKMARK [2][-]{subsection.3.2.6}{First Fit Decreasing\(FFD\)}{section.3.2}% 29
\BOOKMARK [2][-]{subsection.3.2.7}{Best Fit Decreasing\(BFD\)}{section.3.2}% 30
\BOOKMARK [2][-]{subsection.3.2.8}{Summing Up}{section.3.2}% 31
\BOOKMARK [1][-]{section.3.3}{Comparison between Knapsack Problem and Binpacking Problem}{chapter.3}% 32
\BOOKMARK [0][-]{chapter.4}{Design}{}% 33
\BOOKMARK [1][-]{section.4.1}{Specification Requirements}{chapter.4}% 34
\BOOKMARK [2][-]{subsection.4.1.1}{Targeted Features}{section.4.1}% 35
\BOOKMARK [2][-]{subsection.4.1.2}{Optional Features}{section.4.1}% 36
\BOOKMARK [1][-]{section.4.2}{Partner analysis}{chapter.4}% 37
\BOOKMARK [1][-]{section.4.3}{Solution suggestions}{chapter.4}% 38
\BOOKMARK [2][-]{subsection.4.3.1}{Application for smartphones}{section.4.3}% 39
\BOOKMARK [2][-]{subsection.4.3.2}{Extension for an existing program}{section.4.3}% 40
\BOOKMARK [2][-]{subsection.4.3.3}{Program for the computer}{section.4.3}% 41
\BOOKMARK [2][-]{subsection.4.3.4}{Choice of solution}{section.4.3}% 42
\BOOKMARK [1][-]{section.4.4}{Program planning}{chapter.4}% 43
\BOOKMARK [1][-]{section.4.5}{Sketches before programming of GUI}{chapter.4}% 44
