\BOOKMARK [0][-]{chapter*.1}{Forord}{}% 1
\BOOKMARK [0][-]{chapter.1}{Introduction}{}% 2
\BOOKMARK [0][-]{chapter.2}{Problem Analysis}{}% 3
\BOOKMARK [1][-]{section.2.1}{Problem}{chapter.2}% 4
\BOOKMARK [1][-]{section.2.2}{Luggage allowance}{chapter.2}% 5
\BOOKMARK [1][-]{section.2.3}{Solutions on the market}{chapter.2}% 6
\BOOKMARK [2][-]{subsection.2.3.1}{App - Packing Pro}{section.2.3}% 7
\BOOKMARK [2][-]{subsection.2.3.2}{App - Checkmark Packlist}{section.2.3}% 8
\BOOKMARK [2][-]{subsection.2.3.3}{Online check/tip list}{section.2.3}% 9
\BOOKMARK [2][-]{subsection.2.3.4}{The e-Commerce shipping calculator}{section.2.3}% 10
\BOOKMARK [2][-]{subsection.2.3.5}{Recapitulation}{section.2.3}% 11
\BOOKMARK [1][-]{section.2.4}{Thesis Statement}{chapter.2}% 12
\BOOKMARK [0][-]{chapter.3}{Theory}{}% 13
\BOOKMARK [1][-]{section.3.1}{Knapsack Problems}{chapter.3}% 14
\BOOKMARK [1][-]{section.3.2}{Bin Packing Complexity}{chapter.3}% 15
\BOOKMARK [1][-]{section.3.3}{Bin packing problem}{chapter.3}% 16
\BOOKMARK [2][-]{subsection.3.3.1}{First fit \(FF\)}{section.3.3}% 17
\BOOKMARK [2][-]{subsection.3.3.2}{Best fit \(BF\)}{section.3.3}% 18
\BOOKMARK [2][-]{subsection.3.3.3}{Last fit \(LF\)}{section.3.3}% 19
\BOOKMARK [2][-]{subsection.3.3.4}{Worst fit \(WF\)}{section.3.3}% 20
\BOOKMARK [2][-]{subsection.3.3.5}{Almost worst fit \(AWF\)}{section.3.3}% 21
\BOOKMARK [2][-]{subsection.3.3.6}{First fit decreasing\(FFD\)}{section.3.3}% 22
\BOOKMARK [2][-]{subsection.3.3.7}{Best fit decreasing\(BFD\)}{section.3.3}% 23
\BOOKMARK [2][-]{subsection.3.3.8}{Round up}{section.3.3}% 24
\BOOKMARK [0][-]{chapter.4}{Design}{}% 25
\BOOKMARK [1][-]{section.4.1}{Specification Requirements}{chapter.4}% 26
\BOOKMARK [2][-]{subsection.4.1.1}{Targeted Features}{section.4.1}% 27
\BOOKMARK [2][-]{subsection.4.1.2}{Optional Features}{section.4.1}% 28
\BOOKMARK [1][-]{section.4.2}{Solution suggestions}{chapter.4}% 29
\BOOKMARK [2][-]{subsection.4.2.1}{Application for smartphones}{section.4.2}% 30
\BOOKMARK [2][-]{subsection.4.2.2}{Extension for an existing program}{section.4.2}% 31
\BOOKMARK [2][-]{subsection.4.2.3}{Program for the computer}{section.4.2}% 32
\BOOKMARK [2][-]{subsection.4.2.4}{Choise of solution}{section.4.2}% 33
\BOOKMARK [1][-]{section.4.3}{Program planing}{chapter.4}% 34
\BOOKMARK [0][-]{chapter.5}{Development}{}% 35
\BOOKMARK [0][-]{chapter.6}{Teamwork}{}% 36
\BOOKMARK [1][-]{section.6.1}{Division of roles}{chapter.6}% 37
\BOOKMARK [1][-]{section.6.2}{Administration}{chapter.6}% 38
\BOOKMARK [1][-]{section.6.3}{Decision making}{chapter.6}% 39
\BOOKMARK [1][-]{section.6.4}{The meeting culture}{chapter.6}% 40
\BOOKMARK [1][-]{section.6.5}{Responsibility for own learning/mutual responsibility for learning}{chapter.6}% 41
\BOOKMARK [0][-]{appendix.A}{Group Contract}{}% 42
