\BOOKMARK [0][-]{chapter.1}{Introduction}{}% 1
\BOOKMARK [0][-]{chapter.2}{Projectplanning}{}% 2
\BOOKMARK [1][-]{section.2.1}{introprojectplanning}{chapter.2}% 3
\BOOKMARK [1][-]{section.2.2}{Administration}{chapter.2}% 4
\BOOKMARK [1][-]{section.2.3}{Work Coordinating}{chapter.2}% 5
\BOOKMARK [1][-]{section.2.4}{Time Schedule}{chapter.2}% 6
\BOOKMARK [1][-]{section.2.5}{Decision Making}{chapter.2}% 7
\BOOKMARK [0][-]{chapter.3}{Group Work}{}% 8
\BOOKMARK [1][-]{section.3.1}{Group Contract}{chapter.3}% 9
\BOOKMARK [1][-]{section.3.2}{Division of Rules}{chapter.3}% 10
\BOOKMARK [1][-]{section.3.3}{The Meeting Culture}{chapter.3}% 11
\BOOKMARK [1][-]{section.3.4}{Morning Meetings}{chapter.3}% 12
\BOOKMARK [1][-]{section.3.5}{Friday Meetings}{chapter.3}% 13
\BOOKMARK [1][-]{section.3.6}{Summery of Group Meetings}{chapter.3}% 14
\BOOKMARK [0][-]{chapter.4}{Collaboration with Supervisors}{}% 15
\BOOKMARK [1][-]{section.4.1}{Meetings}{chapter.4}% 16
\BOOKMARK [0][-]{chapter.5}{Process of Learning}{}% 17
\BOOKMARK [1][-]{section.5.1}{Goals of This Semester}{chapter.5}% 18
\BOOKMARK [1][-]{section.5.2}{Problem Based Solving}{chapter.5}% 19
\BOOKMARK [1][-]{section.5.3}{Responsibility for Own Learning/Mutual Responsibility for Learning}{chapter.5}% 20
\BOOKMARK [1][-]{section.5.4}{Learning Styles and the Work Environment}{chapter.5}% 21
\BOOKMARK [1][-]{section.5.5}{Knowledge Sharing}{chapter.5}% 22
\BOOKMARK [1][-]{section.5.6}{Blooms Taxonomy}{chapter.5}% 23
\BOOKMARK [0][-]{chapter.6}{Discussion and Putting Things into Perspective}{}% 24
\BOOKMARK [0][-]{chapter.7}{Conclusion}{}% 25
\BOOKMARK [0][-]{appendix.A}{Group Contract}{}% 26
