\BOOKMARK [0][-]{chapter*.1}{Forord}{}% 1
\BOOKMARK [0][-]{chapter.1}{Problem Analysis}{}% 2
\BOOKMARK [1][-]{section.1.1}{Problem}{chapter.1}% 3
\BOOKMARK [1][-]{section.1.2}{Luggage allowance}{chapter.1}% 4
\BOOKMARK [1][-]{section.1.3}{Solutions on the market}{chapter.1}% 5
\BOOKMARK [2][-]{subsection.1.3.1}{App - Packing Pro}{section.1.3}% 6
\BOOKMARK [2][-]{subsection.1.3.2}{App - Checkmark Packlist}{section.1.3}% 7
\BOOKMARK [2][-]{subsection.1.3.3}{Online check/tip list}{section.1.3}% 8
\BOOKMARK [2][-]{subsection.1.3.4}{The e-Commerce shipping calculator}{section.1.3}% 9
\BOOKMARK [2][-]{subsection.1.3.5}{Recapitulation}{section.1.3}% 10
\BOOKMARK [1][-]{section.1.4}{Thesis Statement}{chapter.1}% 11
\BOOKMARK [0][-]{chapter.2}{Theory}{}% 12
\BOOKMARK [1][-]{section.2.1}{Knapsack Problems}{chapter.2}% 13
\BOOKMARK [1][-]{section.2.2}{Bin Packing Complexity}{chapter.2}% 14
\BOOKMARK [1][-]{section.2.3}{Bin packing problem}{chapter.2}% 15
\BOOKMARK [2][-]{subsection.2.3.1}{First fit \(FF\)}{section.2.3}% 16
\BOOKMARK [2][-]{subsection.2.3.2}{Best fit \(BF\)}{section.2.3}% 17
\BOOKMARK [2][-]{subsection.2.3.3}{Last fit \(LF\)}{section.2.3}% 18
\BOOKMARK [2][-]{subsection.2.3.4}{Worst fit \(WF\)}{section.2.3}% 19
\BOOKMARK [2][-]{subsection.2.3.5}{Almost worst fit \(AWF\)}{section.2.3}% 20
\BOOKMARK [2][-]{subsection.2.3.6}{First fit decreasing\(FFD\)}{section.2.3}% 21
\BOOKMARK [2][-]{subsection.2.3.7}{Best fit decreasing\(BFD\)}{section.2.3}% 22
\BOOKMARK [2][-]{subsection.2.3.8}{Round up}{section.2.3}% 23
\BOOKMARK [0][-]{chapter.3}{Design}{}% 24
\BOOKMARK [1][-]{section.3.1}{Specification Requirements}{chapter.3}% 25
\BOOKMARK [2][-]{subsection.3.1.1}{Targeted Features}{section.3.1}% 26
\BOOKMARK [2][-]{subsection.3.1.2}{Optional Features}{section.3.1}% 27
\BOOKMARK [1][-]{section.3.2}{Solution suggestions}{chapter.3}% 28
\BOOKMARK [2][-]{subsection.3.2.1}{Application for smartphones}{section.3.2}% 29
\BOOKMARK [2][-]{subsection.3.2.2}{Extension for an existing program}{section.3.2}% 30
\BOOKMARK [2][-]{subsection.3.2.3}{Program for the computer}{section.3.2}% 31
\BOOKMARK [2][-]{subsection.3.2.4}{Choise of solution}{section.3.2}% 32
\BOOKMARK [1][-]{section.3.3}{Program planing}{chapter.3}% 33
\BOOKMARK [0][-]{chapter.4}{Teamwork}{}% 34
\BOOKMARK [1][-]{section.4.1}{Future plans for the project}{chapter.4}% 35
\BOOKMARK [1][-]{section.4.2}{Division of roles}{chapter.4}% 36
\BOOKMARK [1][-]{section.4.3}{Administration}{chapter.4}% 37
\BOOKMARK [1][-]{section.4.4}{Decision making}{chapter.4}% 38
\BOOKMARK [1][-]{section.4.5}{The meeting culture}{chapter.4}% 39
\BOOKMARK [1][-]{section.4.6}{Responsibility for own learning/mutual responsibility for learning}{chapter.4}% 40
\BOOKMARK [0][-]{section*.5}{Bibliography}{}% 41
\BOOKMARK [0][-]{appendix.A}{Group Contract}{}% 42
\BOOKMARK [0][-]{appendix.B}{Mindmap}{}% 43
